[+] Containers:
 |- [+] Container: /Game/Levels/Platformer
 |   |- [+] ActorDescs:
 |   |   |- Guid:0044378F4C05C653B36622B751CE7909 BaseClass: NativeClass:/Script/Engine.StaticMeshActor Name:StaticMeshActor_UAID_F02F7415F77F3A6101_1300702803 Label:SM_SkySphere SpatiallyLoaded:0 Bounds:IsValid=true, Min=(X=-1638400.000 Y=-1638400.000 Z=-1638400.000), Max=(X=1638400.000 Y=1638400.000 Z=1638400.000) RuntimeGrid:None EditorOnly:0 RuntimeOnly:0 HLODRelevant:1 FolderPath:Lighting FolderGuid:963EC3EB4002CCE9759E2EBA541A873A
 |   |   |- Guid:1C18E0FC4F12756FD3AD9EBD77EA1626 BaseClass: NativeClass:/Script/Engine.SkyLight Name:SkyLight_UAID_F02F7415F77F3A6101_1199343799 Label:SkyLight SpatiallyLoaded:0 Bounds:IsValid=true, Min=(X=375.000 Y=146.000 Z=-1006.000), Max=(X=375.000 Y=146.000 Z=-1006.000) RuntimeGrid:None EditorOnly:0 RuntimeOnly:0 HLODRelevant:0
 |   |   |- Guid:262F96FC4DA19BA810C75A910D00B352 BaseClass: NativeClass:/Script/Engine.PostProcessVolume Name:PostProcessVolume_UAID_F02F7415F77F3A6101_1300708806 Label:PostProcessVolume SpatiallyLoaded:0 Bounds:IsValid=true, Min=(X=0.000 Y=0.000 Z=400.000), Max=(X=200.000 Y=200.000 Z=600.000) RuntimeGrid:None EditorOnly:0 RuntimeOnly:0 HLODRelevant:0 FolderPath:Lighting FolderGuid:963EC3EB4002CCE9759E2EBA541A873A
 |   |   |- Guid:2B0E9F944AAB7ADE3C4E21ADA8575B0B BaseClass: NativeClass:/Script/Engine.WorldDataLayers Name:WorldDataLayers Label:WorldDataLayers SpatiallyLoaded:0 Bounds:IsValid=true, Min=(X=0.000 Y=0.000 Z=0.000), Max=(X=0.000 Y=0.000 Z=0.000) RuntimeGrid:None EditorOnly:0 RuntimeOnly:0 HLODRelevant:0
 |   |   |- Guid:2B431FB845C52B96A06ABE978A37B94E BaseClass: NativeClass:/Script/Engine.PointLight Name:PointLight_UAID_F02F7415F77F3A6101_1202779800 Label:PointLight SpatiallyLoaded:1 Bounds:IsValid=true, Min=(X=-587.000 Y=-982.000 Z=-2066.000), Max=(X=1413.000 Y=1018.000 Z=-66.000) RuntimeGrid:None EditorOnly:0 RuntimeOnly:0 HLODRelevant:0
 |   |   |- Guid:6AADAAF542053042EEB0E1A8624FE3B8 BaseClass: NativeClass:/Script/Engine.VolumetricCloud Name:VolumetricCloud_UAID_F02F7415F77F3A6101_1300711808 Label:VolumetricCloud SpatiallyLoaded:0 Bounds:IsValid=true, Min=(X=0.000 Y=0.000 Z=820.000), Max=(X=0.000 Y=0.000 Z=820.000) RuntimeGrid:None EditorOnly:0 RuntimeOnly:0 HLODRelevant:0 FolderPath:Lighting FolderGuid:963EC3EB4002CCE9759E2EBA541A873A
 |   |   |- Guid:9CC57BA746ECA1DE99BB66B2E5CA3A28 BaseClass: NativeClass:/Script/Engine.SkyLight Name:SkyLight_UAID_F02F7415F77F3A6101_1300707805 Label:SkyLight2 SpatiallyLoaded:0 Bounds:IsValid=true, Min=(X=0.000 Y=0.000 Z=690.000), Max=(X=0.000 Y=0.000 Z=690.000) RuntimeGrid:None EditorOnly:0 RuntimeOnly:0 HLODRelevant:0 FolderPath:Lighting FolderGuid:963EC3EB4002CCE9759E2EBA541A873A
 |   |   |- Guid:B7B14FA9453523E6A9629C815CD5C4C9 BaseClass: NativeClass:/Script/Engine.ExponentialHeightFog Name:ExponentialHeightFog_UAID_F02F7415F77F3A6101_1300706804 Label:ExponentialHeightFog SpatiallyLoaded:0 Bounds:IsValid=true, Min=(X=-5600.000 Y=-50.000 Z=-6850.000), Max=(X=-5600.000 Y=-50.000 Z=-6850.000) RuntimeGrid:None EditorOnly:0 RuntimeOnly:0 HLODRelevant:0 FolderPath:Lighting FolderGuid:963EC3EB4002CCE9759E2EBA541A873A
 |   |   |- Guid:D512AA7E46F70635CA6E86886C00413F BaseClass:/Game/StarterContent/Blueprints/BP_LightStudio.BP_LightStudio_C NativeClass:/Script/Engine.Actor Name:BP_LightStudio_C_UAID_F02F7415F77F3A6101_1247310802 Label:BP_LightStudio SpatiallyLoaded:1 Bounds:IsValid=true, Min=(X=-4398046511104.000 Y=-4398046511104.000 Z=-4398046511104.000), Max=(X=4398046511104.000 Y=4398046511104.000 Z=4398046511104.000) RuntimeGrid:None EditorOnly:0 RuntimeOnly:0 HLODRelevant:0
 |   |   |- Guid:D79817124725A99A1AAA3DA563DB107F BaseClass: NativeClass:/Script/Engine.SkyAtmosphere Name:SkyAtmosphere_UAID_F02F7415F77F3A6101_1300709807 Label:SkyAtmosphere SpatiallyLoaded:0 Bounds:IsValid=true, Min=(X=0.000 Y=0.000 Z=1020.000), Max=(X=0.000 Y=0.000 Z=1020.000) RuntimeGrid:None EditorOnly:0 RuntimeOnly:0 HLODRelevant:0 FolderPath:Lighting FolderGuid:963EC3EB4002CCE9759E2EBA541A873A
 |   |   |- Guid:F2A2C4F94BEE4EBD680DB5B156F9EEE5 BaseClass: NativeClass:/Script/Engine.DirectionalLight Name:DirectionalLight_UAID_F02F7415F77F3A6101_1300712809 Label:DirectionalLight SpatiallyLoaded:0 Bounds:IsValid=true, Min=(X=-4398046511104.000 Y=-4398046511104.000 Z=-4398046511104.000), Max=(X=4398046511104.000 Y=4398046511104.000 Z=4398046511104.000) RuntimeGrid:None EditorOnly:0 RuntimeOnly:0 HLODRelevant:0 FolderPath:Lighting FolderGuid:963EC3EB4002CCE9759E2EBA541A873A
 |   |- [+] Clusters:
 |   |   |- [+] [  0]
 |   |   |   |- Guid:D512AA7E46F70635CA6E86886C00413F BaseClass:/Game/StarterContent/Blueprints/BP_LightStudio.BP_LightStudio_C NativeClass:/Script/Engine.Actor Name:BP_LightStudio_C_UAID_F02F7415F77F3A6101_1247310802 Label:BP_LightStudio SpatiallyLoaded:1 Bounds:IsValid=true, Min=(X=-4398046511104.000 Y=-4398046511104.000 Z=-4398046511104.000), Max=(X=4398046511104.000 Y=4398046511104.000 Z=4398046511104.000) RuntimeGrid:None EditorOnly:0 RuntimeOnly:0 HLODRelevant:0
 |   |   |- [+] [  1]
 |   |   |   |- Guid:B7B14FA9453523E6A9629C815CD5C4C9 BaseClass: NativeClass:/Script/Engine.ExponentialHeightFog Name:ExponentialHeightFog_UAID_F02F7415F77F3A6101_1300706804 Label:ExponentialHeightFog SpatiallyLoaded:0 Bounds:IsValid=true, Min=(X=-5600.000 Y=-50.000 Z=-6850.000), Max=(X=-5600.000 Y=-50.000 Z=-6850.000) RuntimeGrid:None EditorOnly:0 RuntimeOnly:0 HLODRelevant:0 FolderPath:Lighting FolderGuid:963EC3EB4002CCE9759E2EBA541A873A
 |   |   |- [+] [  2]
 |   |   |   |- Guid:F2A2C4F94BEE4EBD680DB5B156F9EEE5 BaseClass: NativeClass:/Script/Engine.DirectionalLight Name:DirectionalLight_UAID_F02F7415F77F3A6101_1300712809 Label:DirectionalLight SpatiallyLoaded:0 Bounds:IsValid=true, Min=(X=-4398046511104.000 Y=-4398046511104.000 Z=-4398046511104.000), Max=(X=4398046511104.000 Y=4398046511104.000 Z=4398046511104.000) RuntimeGrid:None EditorOnly:0 RuntimeOnly:0 HLODRelevant:0 FolderPath:Lighting FolderGuid:963EC3EB4002CCE9759E2EBA541A873A
 |   |   |- [+] [  3]
 |   |   |   |- Guid:6AADAAF542053042EEB0E1A8624FE3B8 BaseClass: NativeClass:/Script/Engine.VolumetricCloud Name:VolumetricCloud_UAID_F02F7415F77F3A6101_1300711808 Label:VolumetricCloud SpatiallyLoaded:0 Bounds:IsValid=true, Min=(X=0.000 Y=0.000 Z=820.000), Max=(X=0.000 Y=0.000 Z=820.000) RuntimeGrid:None EditorOnly:0 RuntimeOnly:0 HLODRelevant:0 FolderPath:Lighting FolderGuid:963EC3EB4002CCE9759E2EBA541A873A
 |   |   |- [+] [  4]
 |   |   |   |- Guid:1C18E0FC4F12756FD3AD9EBD77EA1626 BaseClass: NativeClass:/Script/Engine.SkyLight Name:SkyLight_UAID_F02F7415F77F3A6101_1199343799 Label:SkyLight SpatiallyLoaded:0 Bounds:IsValid=true, Min=(X=375.000 Y=146.000 Z=-1006.000), Max=(X=375.000 Y=146.000 Z=-1006.000) RuntimeGrid:None EditorOnly:0 RuntimeOnly:0 HLODRelevant:0
 |   |   |- [+] [  5]
 |   |   |   |- Guid:2B0E9F944AAB7ADE3C4E21ADA8575B0B BaseClass: NativeClass:/Script/Engine.WorldDataLayers Name:WorldDataLayers Label:WorldDataLayers SpatiallyLoaded:0 Bounds:IsValid=true, Min=(X=0.000 Y=0.000 Z=0.000), Max=(X=0.000 Y=0.000 Z=0.000) RuntimeGrid:None EditorOnly:0 RuntimeOnly:0 HLODRelevant:0
 |   |   |- [+] [  6]
 |   |   |   |- Guid:2B431FB845C52B96A06ABE978A37B94E BaseClass: NativeClass:/Script/Engine.PointLight Name:PointLight_UAID_F02F7415F77F3A6101_1202779800 Label:PointLight SpatiallyLoaded:1 Bounds:IsValid=true, Min=(X=-587.000 Y=-982.000 Z=-2066.000), Max=(X=1413.000 Y=1018.000 Z=-66.000) RuntimeGrid:None EditorOnly:0 RuntimeOnly:0 HLODRelevant:0
 |   |   |- [+] [  7]
 |   |   |   |- Guid:262F96FC4DA19BA810C75A910D00B352 BaseClass: NativeClass:/Script/Engine.PostProcessVolume Name:PostProcessVolume_UAID_F02F7415F77F3A6101_1300708806 Label:PostProcessVolume SpatiallyLoaded:0 Bounds:IsValid=true, Min=(X=0.000 Y=0.000 Z=400.000), Max=(X=200.000 Y=200.000 Z=600.000) RuntimeGrid:None EditorOnly:0 RuntimeOnly:0 HLODRelevant:0 FolderPath:Lighting FolderGuid:963EC3EB4002CCE9759E2EBA541A873A
 |   |   |- [+] [  8]
 |   |   |   |- Guid:0044378F4C05C653B36622B751CE7909 BaseClass: NativeClass:/Script/Engine.StaticMeshActor Name:StaticMeshActor_UAID_F02F7415F77F3A6101_1300702803 Label:SM_SkySphere SpatiallyLoaded:0 Bounds:IsValid=true, Min=(X=-1638400.000 Y=-1638400.000 Z=-1638400.000), Max=(X=1638400.000 Y=1638400.000 Z=1638400.000) RuntimeGrid:None EditorOnly:0 RuntimeOnly:0 HLODRelevant:1 FolderPath:Lighting FolderGuid:963EC3EB4002CCE9759E2EBA541A873A
 |   |   |- [+] [  9]
 |   |   |   |- Guid:9CC57BA746ECA1DE99BB66B2E5CA3A28 BaseClass: NativeClass:/Script/Engine.SkyLight Name:SkyLight_UAID_F02F7415F77F3A6101_1300707805 Label:SkyLight2 SpatiallyLoaded:0 Bounds:IsValid=true, Min=(X=0.000 Y=0.000 Z=690.000), Max=(X=0.000 Y=0.000 Z=690.000) RuntimeGrid:None EditorOnly:0 RuntimeOnly:0 HLODRelevant:0 FolderPath:Lighting FolderGuid:963EC3EB4002CCE9759E2EBA541A873A
 |   |   |- [+] [ 10]
 |   |   |   |- Guid:D79817124725A99A1AAA3DA563DB107F BaseClass: NativeClass:/Script/Engine.SkyAtmosphere Name:SkyAtmosphere_UAID_F02F7415F77F3A6101_1300709807 Label:SkyAtmosphere SpatiallyLoaded:0 Bounds:IsValid=true, Min=(X=0.000 Y=0.000 Z=1020.000), Max=(X=0.000 Y=0.000 Z=1020.000) RuntimeGrid:None EditorOnly:0 RuntimeOnly:0 HLODRelevant:0 FolderPath:Lighting FolderGuid:963EC3EB4002CCE9759E2EBA541A873A
 |- ContainerInstances:
 |- [+] MainContainer:
 |   |-        ID: 0x0000000000000000
 |   |-    Bounds: IsValid=false, Min=(X=0.000 Y=0.000 Z=0.000), Max=(X=0.000 Y=0.000 Z=0.000)
 |   |- Transform: 0.000000,0.000000,0.000000|0.000000,0.000000,-0.000000|1.000000,1.000000,1.000000
 |   |- Container: /Game/Levels/Platformer
