[+] Containers:
 |- [+] Container: /Game/Levels/MainLocations
 |   |- [+] ActorDescs:
 |   |   |- Guid:04B646C74A883357D3B9699A7F54C009 BaseClass: NativeClass:/Script/Engine.AmbientSound Name:AmbientSound_UAID_F02F7415F77F266301_2099314400 Label:SANYA_SLEEP SpatiallyLoaded:1 Bounds:IsValid=true, Min=(X=263.000 Y=308.000 Z=0.000), Max=(X=263.000 Y=308.000 Z=0.000) RuntimeGrid:None EditorOnly:0 RuntimeOnly:0 HLODRelevant:0
 |   |   |- Guid:1899D9F24BF1D076A0C17CA24E636D85 BaseClass: NativeClass:/Script/Engine.StaticMeshActor Name:StaticMeshActor_UAID_F02F7415F77F396101_1727519629 Label:SM_Cylinder2 SpatiallyLoaded:1 Bounds:IsValid=true, Min=(X=342.500 Y=78.500 Z=64.000), Max=(X=367.500 Y=103.500 Z=89.000) RuntimeGrid:None EditorOnly:0 RuntimeOnly:0 HLODRelevant:1
 |   |   |- Guid:1B99300A4041341185E043BC56B51181 BaseClass: NativeClass:/Script/Engine.PointLight Name:PointLight_UAID_F02F7415F77F336101_1160539609 Label:PointLight SpatiallyLoaded:1 Bounds:IsValid=true, Min=(X=-641.000 Y=-896.000 Z=-885.000), Max=(X=1359.000 Y=1104.000 Z=1115.000) RuntimeGrid:None EditorOnly:0 RuntimeOnly:0 HLODRelevant:0
 |   |   |- Guid:2533A66F4B59EF5ACA289B90F5866CD6 BaseClass: NativeClass:/Script/Engine.ExponentialHeightFog Name:ExponentialHeightFog_0 Label:ExponentialHeightFog SpatiallyLoaded:0 Bounds:IsValid=true, Min=(X=-5600.000 Y=-50.000 Z=-6850.000), Max=(X=-5600.000 Y=-50.000 Z=-6850.000) RuntimeGrid:None EditorOnly:0 RuntimeOnly:0 HLODRelevant:0 FolderPath:Lighting FolderGuid:963EC3EB4002CCE9759E2EBA541A873A
 |   |   |- Guid:2FCE37D5465BFDD0169FB5BC64846BB9 BaseClass: NativeClass:/Script/Engine.SkeletalMeshActor Name:SkeletalMeshActor_UAID_F02F7415F77F276301_1691203577 Label:Laying_Hand_Gesture SpatiallyLoaded:1 Bounds:IsValid=true, Min=(X=47.140 Y=137.286 Z=43.652), Max=(X=214.682 Y=210.474 Z=84.895) RuntimeGrid:None EditorOnly:0 RuntimeOnly:0 HLODRelevant:0
 |   |   |- Guid:35B53E5A410187B4DB357E83CBA9D45B BaseClass: NativeClass:/Script/Engine.PointLight Name:PointLight_UAID_F02F7415F77F336101_1280898611 Label:PointLight2 SpatiallyLoaded:1 Bounds:IsValid=true, Min=(X=-600.000 Y=-791.000 Z=-626.000), Max=(X=1400.000 Y=1209.000 Z=1374.000) RuntimeGrid:None EditorOnly:0 RuntimeOnly:0 HLODRelevant:0
 |   |   |- Guid:45D3F3AF4DD08CD6D5C1ABA2ABFCA178 BaseClass: NativeClass:/Script/Engine.StaticMeshActor Name:StaticMeshActor_UAID_F02F7415F77F266301_1842657398 Label:Cube2 SpatiallyLoaded:1 Bounds:IsValid=true, Min=(X=43.022 Y=321.285 Z=-14.000), Max=(X=98.164 Y=371.805 Z=86.000) RuntimeGrid:None EditorOnly:0 RuntimeOnly:0 HLODRelevant:1
 |   |   |- Guid:45F5E12C456C14867007068579638492 BaseClass: NativeClass:/Script/Engine.StaticMeshActor Name:StaticMeshActor_UAID_F02F7415F77F396101_1727521631 Label:Sphere SpatiallyLoaded:1 Bounds:IsValid=true, Min=(X=330.000 Y=66.000 Z=79.000), Max=(X=380.000 Y=116.000 Z=129.000) RuntimeGrid:None EditorOnly:0 RuntimeOnly:0 HLODRelevant:1
 |   |   |- Guid:4C1F13C7448EE62DF42832AA08B4B340 BaseClass: NativeClass:/Script/Engine.StaticMeshActor Name:StaticMeshActor_UAID_F02F7415F77F326101_2037173430 Label:SM_Cube7 SpatiallyLoaded:1 Bounds:IsValid=true, Min=(X=5.000 Y=20.000 Z=0.000), Max=(X=280.000 Y=220.000 Z=50.000) RuntimeGrid:None EditorOnly:0 RuntimeOnly:0 HLODRelevant:1
 |   |   |- Guid:4ED94D3248D4096F5DFC88A0DD80F58B BaseClass: NativeClass:/Script/Engine.StaticMeshActor Name:StaticMeshActor_UAID_F02F7415F77F326101_1992329428 Label:SM_Cube6 SpatiallyLoaded:1 Bounds:IsValid=true, Min=(X=0.000 Y=0.000 Z=400.000), Max=(X=825.000 Y=425.000 Z=450.000) RuntimeGrid:None EditorOnly:0 RuntimeOnly:0 HLODRelevant:1 FolderPath:Playground FolderGuid:C73F09FC4215536B1DCE2A9E0A830C70
 |   |   |- Guid:5AE505384640AD8CCD7CB4AB9262D7CA BaseClass: NativeClass:/Script/Engine.StaticMeshActor Name:StaticMeshActor_UAID_F02F7415F77F326101_1980905425 Label:SM_Cube3 SpatiallyLoaded:1 Bounds:IsValid=true, Min=(X=0.000 Y=410.000 Z=0.000), Max=(X=825.000 Y=435.000 Z=400.000) RuntimeGrid:None EditorOnly:0 RuntimeOnly:0 HLODRelevant:1 FolderPath:Playground FolderGuid:C73F09FC4215536B1DCE2A9E0A830C70
 |   |   |- Guid:78A698E9416A8C882F8F9CB9C7146C7F BaseClass:/Game/Characters/Blueprints/GrannyCharacter.GrannyCharacter_C NativeClass:/Script/Engine.Character Name:GrannyCharacter_C_UAID_F02F7415F77F266301_1853402399 Label:GrannyCharacter SpatiallyLoaded:1 Bounds:IsValid=true, Min=(X=-401.520 Y=-165.931 Z=-267.165), Max=(X=573.858 Y=809.447 Z=425.165) RuntimeGrid:None EditorOnly:0 RuntimeOnly:0 HLODRelevant:0
 |   |   |- Guid:78CC2C8A403BBE8E73808ABA7E2FA31F BaseClass: NativeClass:/Script/Engine.StaticMeshActor Name:StaticMeshActor_UAID_F02F7415F77F396101_1727516628 Label:Sphere2 SpatiallyLoaded:1 Bounds:IsValid=true, Min=(X=372.000 Y=185.000 Z=349.000), Max=(X=422.000 Y=235.000 Z=399.000) RuntimeGrid:None EditorOnly:0 RuntimeOnly:0 HLODRelevant:1
 |   |   |- Guid:869633124823576A7E88868FF4AFE56E BaseClass: NativeClass:/Script/Engine.PlayerStart Name:PlayerStart_UAID_F02F7415F77F336101_1589640613 Label:PlayerStart SpatiallyLoaded:0 Bounds:IsValid=true, Min=(X=156.852 Y=171.675 Z=63.309), Max=(X=312.096 Y=283.093 Z=269.876) RuntimeGrid:None EditorOnly:0 RuntimeOnly:0 HLODRelevant:0
 |   |   |- Guid:8BC601594214765B2FF102A6D5609BFB BaseClass: NativeClass:/Script/Engine.StaticMeshActor Name:StaticMeshActor_UAID_A4AE111137DC5EFB00_1110535423 Label:SM_SkySphere SpatiallyLoaded:0 Bounds:IsValid=true, Min=(X=-1638400.000 Y=-1638400.000 Z=-1638400.000), Max=(X=1638400.000 Y=1638400.000 Z=1638400.000) RuntimeGrid:None EditorOnly:0 RuntimeOnly:0 HLODRelevant:1 FolderPath:Lighting FolderGuid:963EC3EB4002CCE9759E2EBA541A873A
 |   |   |- Guid:8F29D0EE468C59B1FC44C8A0552263F7 BaseClass: NativeClass:/Script/Engine.StaticMeshActor Name:StaticMeshActor_UAID_F02F7415F77F396101_1727521632 Label:SM_Cylinder3 SpatiallyLoaded:1 Bounds:IsValid=true, Min=(X=384.500 Y=197.500 Z=389.000), Max=(X=409.500 Y=222.500 Z=414.000) RuntimeGrid:None EditorOnly:0 RuntimeOnly:0 HLODRelevant:1
 |   |   |- Guid:9849E77D4DA7D425A11E98B70836CEC3 BaseClass:/Game/Objects/Blueprints/Pillow.Pillow_C NativeClass:/Script/Engine.Actor Name:Pillow_C_UAID_F02F7415F77F3B6101_2089909995 Label:Pillow SpatiallyLoaded:1 Bounds:IsValid=true, Min=(X=0.000 Y=0.000 Z=0.000), Max=(X=0.000 Y=0.000 Z=0.000) RuntimeGrid:None EditorOnly:0 RuntimeOnly:0 HLODRelevant:0
 |   |   |- Guid:A1F57A044B4199489B15F3BE4C134605 BaseClass: NativeClass:/Script/Engine.VolumetricCloud Name:VolumetricCloud_0 Label:VolumetricCloud SpatiallyLoaded:0 Bounds:IsValid=true, Min=(X=0.000 Y=0.000 Z=820.000), Max=(X=0.000 Y=0.000 Z=820.000) RuntimeGrid:None EditorOnly:0 RuntimeOnly:0 HLODRelevant:0 FolderPath:Lighting FolderGuid:963EC3EB4002CCE9759E2EBA541A873A
 |   |   |- Guid:A20C8C9D477C2BD354B526B6A556FB7C BaseClass: NativeClass:/Script/Engine.StaticMeshActor Name:StaticMeshActor_5 Label:SM_Cube2 SpatiallyLoaded:1 Bounds:IsValid=true, Min=(X=0.000 Y=0.000 Z=0.000), Max=(X=825.000 Y=25.000 Z=400.000) RuntimeGrid:None EditorOnly:0 RuntimeOnly:0 HLODRelevant:1 FolderPath:Playground FolderGuid:C73F09FC4215536B1DCE2A9E0A830C70
 |   |   |- Guid:ABDC7F3F4F0A6850B78FFB8EE6BA70BF BaseClass: NativeClass:/Script/Engine.DirectionalLight Name:DirectionalLight_0 Label:DirectionalLight SpatiallyLoaded:0 Bounds:IsValid=true, Min=(X=-4398046511104.000 Y=-4398046511104.000 Z=-4398046511104.000), Max=(X=4398046511104.000 Y=4398046511104.000 Z=4398046511104.000) RuntimeGrid:None EditorOnly:0 RuntimeOnly:0 HLODRelevant:0 FolderPath:Lighting FolderGuid:963EC3EB4002CCE9759E2EBA541A873A
 |   |   |- Guid:B1F6480E4AD0931CFA72FAA4FCC8110D BaseClass:/Game/UI/DialogueSystem/DialogueBP.DialogueBP_C NativeClass:/Script/Engine.Actor Name:DialogueBP_C_UAID_F02F7415F77F546301_1399267487 Label:DialogueBP SpatiallyLoaded:1 Bounds:IsValid=true, Min=(X=197.000 Y=271.000 Z=0.000), Max=(X=197.000 Y=271.000 Z=0.000) RuntimeGrid:None EditorOnly:0 RuntimeOnly:0 HLODRelevant:0
 |   |   |- Guid:C4D9B5AC4D04C621612A24BDD7F315E8 BaseClass: NativeClass:/Script/Engine.SkyLight Name:SkyLight_1 Label:SkyLight SpatiallyLoaded:0 Bounds:IsValid=true, Min=(X=0.000 Y=0.000 Z=690.000), Max=(X=0.000 Y=0.000 Z=690.000) RuntimeGrid:None EditorOnly:0 RuntimeOnly:0 HLODRelevant:0 FolderPath:Lighting FolderGuid:963EC3EB4002CCE9759E2EBA541A873A
 |   |   |- Guid:CA6EF9344819E87749AB418B364F6AD0 BaseClass: NativeClass:/Script/Engine.StaticMeshActor Name:StaticMeshActor_1 Label:SM_Cube SpatiallyLoaded:1 Bounds:IsValid=true, Min=(X=0.000 Y=0.000 Z=-50.000), Max=(X=825.000 Y=425.000 Z=0.000) RuntimeGrid:None EditorOnly:0 RuntimeOnly:0 HLODRelevant:1 FolderPath:Playground FolderGuid:C73F09FC4215536B1DCE2A9E0A830C70
 |   |   |- Guid:D42DC1764287B5F2C95930ACC7061186 BaseClass: NativeClass:/Script/Engine.StaticMeshActor Name:StaticMeshActor_UAID_F02F7415F77F326101_1984262426 Label:SM_Cube4 SpatiallyLoaded:1 Bounds:IsValid=true, Min=(X=0.000 Y=10.000 Z=0.000), Max=(X=25.000 Y=410.000 Z=400.000) RuntimeGrid:None EditorOnly:0 RuntimeOnly:0 HLODRelevant:1 FolderPath:Playground FolderGuid:C73F09FC4215536B1DCE2A9E0A830C70
 |   |   |- Guid:D6D94B72449F57C7A96ACBA2B8CD3B47 BaseClass: NativeClass:/Script/Engine.StaticMeshActor Name:StaticMeshActor_UAID_F02F7415F77F266301_1840911397 Label:Cube SpatiallyLoaded:1 Bounds:IsValid=true, Min=(X=47.119 Y=292.462 Z=-65.000), Max=(X=122.349 Y=366.921 Z=35.000) RuntimeGrid:None EditorOnly:0 RuntimeOnly:0 HLODRelevant:1
 |   |   |- Guid:E282444940B03E75D522DE9D68DEBE34 BaseClass: NativeClass:/Script/Engine.PostProcessVolume Name:PostProcessVolume_0 Label:PostProcessVolume SpatiallyLoaded:0 Bounds:IsValid=true, Min=(X=0.000 Y=0.000 Z=400.000), Max=(X=200.000 Y=200.000 Z=600.000) RuntimeGrid:None EditorOnly:0 RuntimeOnly:0 HLODRelevant:0 FolderPath:Lighting FolderGuid:963EC3EB4002CCE9759E2EBA541A873A
 |   |   |- Guid:E3A051C84F1B75BFD7D4158A2D226043 BaseClass: NativeClass:/Script/Engine.SkyAtmosphere Name:SkyAtmosphere_0 Label:SkyAtmosphere SpatiallyLoaded:0 Bounds:IsValid=true, Min=(X=0.000 Y=0.000 Z=1020.000), Max=(X=0.000 Y=0.000 Z=1020.000) RuntimeGrid:None EditorOnly:0 RuntimeOnly:0 HLODRelevant:0 FolderPath:Lighting FolderGuid:963EC3EB4002CCE9759E2EBA541A873A
 |   |   |- Guid:E9C94B8946A600ECE98E4F9CA04C78A4 BaseClass: NativeClass:/Script/Engine.StaticMeshActor Name:StaticMeshActor_UAID_F02F7415F77F396101_1727520630 Label:SM_Cube8 SpatiallyLoaded:1 Bounds:IsValid=true, Min=(X=305.000 Y=51.000 Z=-10.000), Max=(X=380.000 Y=126.000 Z=65.000) RuntimeGrid:None EditorOnly:0 RuntimeOnly:0 HLODRelevant:1
 |   |   |- Guid:EDD21BDA4F2C472D0386D79BB4373AC5 BaseClass: NativeClass:/Script/Engine.StaticMeshActor Name:StaticMeshActor_UAID_F02F7415F77F326101_1990049427 Label:SM_Cube5 SpatiallyLoaded:1 Bounds:IsValid=true, Min=(X=790.000 Y=10.000 Z=0.000), Max=(X=815.000 Y=410.000 Z=400.000) RuntimeGrid:None EditorOnly:0 RuntimeOnly:0 HLODRelevant:1 FolderPath:Playground FolderGuid:C73F09FC4215536B1DCE2A9E0A830C70
 |   |   |- Guid:F97C858847AB0258A7CF01BC5F5A8EF0 BaseClass: NativeClass:/Script/Engine.WorldDataLayers Name:WorldDataLayers Label:WorldDataLayers SpatiallyLoaded:0 Bounds:IsValid=true, Min=(X=0.000 Y=0.000 Z=0.000), Max=(X=0.000 Y=0.000 Z=0.000) RuntimeGrid:None EditorOnly:0 RuntimeOnly:0 HLODRelevant:0
 |   |- [+] Clusters:
 |   |   |- [+] [  0]
 |   |   |   |- Guid:8F29D0EE468C59B1FC44C8A0552263F7 BaseClass: NativeClass:/Script/Engine.StaticMeshActor Name:StaticMeshActor_UAID_F02F7415F77F396101_1727521632 Label:SM_Cylinder3 SpatiallyLoaded:1 Bounds:IsValid=true, Min=(X=384.500 Y=197.500 Z=389.000), Max=(X=409.500 Y=222.500 Z=414.000) RuntimeGrid:None EditorOnly:0 RuntimeOnly:0 HLODRelevant:1
 |   |   |- [+] [  1]
 |   |   |   |- Guid:F97C858847AB0258A7CF01BC5F5A8EF0 BaseClass: NativeClass:/Script/Engine.WorldDataLayers Name:WorldDataLayers Label:WorldDataLayers SpatiallyLoaded:0 Bounds:IsValid=true, Min=(X=0.000 Y=0.000 Z=0.000), Max=(X=0.000 Y=0.000 Z=0.000) RuntimeGrid:None EditorOnly:0 RuntimeOnly:0 HLODRelevant:0
 |   |   |- [+] [  2]
 |   |   |   |- Guid:8BC601594214765B2FF102A6D5609BFB BaseClass: NativeClass:/Script/Engine.StaticMeshActor Name:StaticMeshActor_UAID_A4AE111137DC5EFB00_1110535423 Label:SM_SkySphere SpatiallyLoaded:0 Bounds:IsValid=true, Min=(X=-1638400.000 Y=-1638400.000 Z=-1638400.000), Max=(X=1638400.000 Y=1638400.000 Z=1638400.000) RuntimeGrid:None EditorOnly:0 RuntimeOnly:0 HLODRelevant:1 FolderPath:Lighting FolderGuid:963EC3EB4002CCE9759E2EBA541A873A
 |   |   |- [+] [  3]
 |   |   |   |- Guid:04B646C74A883357D3B9699A7F54C009 BaseClass: NativeClass:/Script/Engine.AmbientSound Name:AmbientSound_UAID_F02F7415F77F266301_2099314400 Label:SANYA_SLEEP SpatiallyLoaded:1 Bounds:IsValid=true, Min=(X=263.000 Y=308.000 Z=0.000), Max=(X=263.000 Y=308.000 Z=0.000) RuntimeGrid:None EditorOnly:0 RuntimeOnly:0 HLODRelevant:0
 |   |   |- [+] [  4]
 |   |   |   |- Guid:2533A66F4B59EF5ACA289B90F5866CD6 BaseClass: NativeClass:/Script/Engine.ExponentialHeightFog Name:ExponentialHeightFog_0 Label:ExponentialHeightFog SpatiallyLoaded:0 Bounds:IsValid=true, Min=(X=-5600.000 Y=-50.000 Z=-6850.000), Max=(X=-5600.000 Y=-50.000 Z=-6850.000) RuntimeGrid:None EditorOnly:0 RuntimeOnly:0 HLODRelevant:0 FolderPath:Lighting FolderGuid:963EC3EB4002CCE9759E2EBA541A873A
 |   |   |- [+] [  5]
 |   |   |   |- Guid:45F5E12C456C14867007068579638492 BaseClass: NativeClass:/Script/Engine.StaticMeshActor Name:StaticMeshActor_UAID_F02F7415F77F396101_1727521631 Label:Sphere SpatiallyLoaded:1 Bounds:IsValid=true, Min=(X=330.000 Y=66.000 Z=79.000), Max=(X=380.000 Y=116.000 Z=129.000) RuntimeGrid:None EditorOnly:0 RuntimeOnly:0 HLODRelevant:1
 |   |   |- [+] [  6]
 |   |   |   |- Guid:D42DC1764287B5F2C95930ACC7061186 BaseClass: NativeClass:/Script/Engine.StaticMeshActor Name:StaticMeshActor_UAID_F02F7415F77F326101_1984262426 Label:SM_Cube4 SpatiallyLoaded:1 Bounds:IsValid=true, Min=(X=0.000 Y=10.000 Z=0.000), Max=(X=25.000 Y=410.000 Z=400.000) RuntimeGrid:None EditorOnly:0 RuntimeOnly:0 HLODRelevant:1 FolderPath:Playground FolderGuid:C73F09FC4215536B1DCE2A9E0A830C70
 |   |   |- [+] [  7]
 |   |   |   |- Guid:C4D9B5AC4D04C621612A24BDD7F315E8 BaseClass: NativeClass:/Script/Engine.SkyLight Name:SkyLight_1 Label:SkyLight SpatiallyLoaded:0 Bounds:IsValid=true, Min=(X=0.000 Y=0.000 Z=690.000), Max=(X=0.000 Y=0.000 Z=690.000) RuntimeGrid:None EditorOnly:0 RuntimeOnly:0 HLODRelevant:0 FolderPath:Lighting FolderGuid:963EC3EB4002CCE9759E2EBA541A873A
 |   |   |- [+] [  8]
 |   |   |   |- Guid:B1F6480E4AD0931CFA72FAA4FCC8110D BaseClass:/Game/UI/DialogueSystem/DialogueBP.DialogueBP_C NativeClass:/Script/Engine.Actor Name:DialogueBP_C_UAID_F02F7415F77F546301_1399267487 Label:DialogueBP SpatiallyLoaded:1 Bounds:IsValid=true, Min=(X=197.000 Y=271.000 Z=0.000), Max=(X=197.000 Y=271.000 Z=0.000) RuntimeGrid:None EditorOnly:0 RuntimeOnly:0 HLODRelevant:0
 |   |   |- [+] [  9]
 |   |   |   |- Guid:35B53E5A410187B4DB357E83CBA9D45B BaseClass: NativeClass:/Script/Engine.PointLight Name:PointLight_UAID_F02F7415F77F336101_1280898611 Label:PointLight2 SpatiallyLoaded:1 Bounds:IsValid=true, Min=(X=-600.000 Y=-791.000 Z=-626.000), Max=(X=1400.000 Y=1209.000 Z=1374.000) RuntimeGrid:None EditorOnly:0 RuntimeOnly:0 HLODRelevant:0
 |   |   |- [+] [ 10]
 |   |   |   |- Guid:1B99300A4041341185E043BC56B51181 BaseClass: NativeClass:/Script/Engine.PointLight Name:PointLight_UAID_F02F7415F77F336101_1160539609 Label:PointLight SpatiallyLoaded:1 Bounds:IsValid=true, Min=(X=-641.000 Y=-896.000 Z=-885.000), Max=(X=1359.000 Y=1104.000 Z=1115.000) RuntimeGrid:None EditorOnly:0 RuntimeOnly:0 HLODRelevant:0
 |   |   |- [+] [ 11]
 |   |   |   |- Guid:9849E77D4DA7D425A11E98B70836CEC3 BaseClass:/Game/Objects/Blueprints/Pillow.Pillow_C NativeClass:/Script/Engine.Actor Name:Pillow_C_UAID_F02F7415F77F3B6101_2089909995 Label:Pillow SpatiallyLoaded:1 Bounds:IsValid=true, Min=(X=0.000 Y=0.000 Z=0.000), Max=(X=0.000 Y=0.000 Z=0.000) RuntimeGrid:None EditorOnly:0 RuntimeOnly:0 HLODRelevant:0
 |   |   |- [+] [ 12]
 |   |   |   |- Guid:EDD21BDA4F2C472D0386D79BB4373AC5 BaseClass: NativeClass:/Script/Engine.StaticMeshActor Name:StaticMeshActor_UAID_F02F7415F77F326101_1990049427 Label:SM_Cube5 SpatiallyLoaded:1 Bounds:IsValid=true, Min=(X=790.000 Y=10.000 Z=0.000), Max=(X=815.000 Y=410.000 Z=400.000) RuntimeGrid:None EditorOnly:0 RuntimeOnly:0 HLODRelevant:1 FolderPath:Playground FolderGuid:C73F09FC4215536B1DCE2A9E0A830C70
 |   |   |- [+] [ 13]
 |   |   |   |- Guid:D6D94B72449F57C7A96ACBA2B8CD3B47 BaseClass: NativeClass:/Script/Engine.StaticMeshActor Name:StaticMeshActor_UAID_F02F7415F77F266301_1840911397 Label:Cube SpatiallyLoaded:1 Bounds:IsValid=true, Min=(X=47.119 Y=292.462 Z=-65.000), Max=(X=122.349 Y=366.921 Z=35.000) RuntimeGrid:None EditorOnly:0 RuntimeOnly:0 HLODRelevant:1
 |   |   |- [+] [ 14]
 |   |   |   |- Guid:E282444940B03E75D522DE9D68DEBE34 BaseClass: NativeClass:/Script/Engine.PostProcessVolume Name:PostProcessVolume_0 Label:PostProcessVolume SpatiallyLoaded:0 Bounds:IsValid=true, Min=(X=0.000 Y=0.000 Z=400.000), Max=(X=200.000 Y=200.000 Z=600.000) RuntimeGrid:None EditorOnly:0 RuntimeOnly:0 HLODRelevant:0 FolderPath:Lighting FolderGuid:963EC3EB4002CCE9759E2EBA541A873A
 |   |   |- [+] [ 15]
 |   |   |   |- Guid:4ED94D3248D4096F5DFC88A0DD80F58B BaseClass: NativeClass:/Script/Engine.StaticMeshActor Name:StaticMeshActor_UAID_F02F7415F77F326101_1992329428 Label:SM_Cube6 SpatiallyLoaded:1 Bounds:IsValid=true, Min=(X=0.000 Y=0.000 Z=400.000), Max=(X=825.000 Y=425.000 Z=450.000) RuntimeGrid:None EditorOnly:0 RuntimeOnly:0 HLODRelevant:1 FolderPath:Playground FolderGuid:C73F09FC4215536B1DCE2A9E0A830C70
 |   |   |- [+] [ 16]
 |   |   |   |- Guid:E3A051C84F1B75BFD7D4158A2D226043 BaseClass: NativeClass:/Script/Engine.SkyAtmosphere Name:SkyAtmosphere_0 Label:SkyAtmosphere SpatiallyLoaded:0 Bounds:IsValid=true, Min=(X=0.000 Y=0.000 Z=1020.000), Max=(X=0.000 Y=0.000 Z=1020.000) RuntimeGrid:None EditorOnly:0 RuntimeOnly:0 HLODRelevant:0 FolderPath:Lighting FolderGuid:963EC3EB4002CCE9759E2EBA541A873A
 |   |   |- [+] [ 17]
 |   |   |   |- Guid:CA6EF9344819E87749AB418B364F6AD0 BaseClass: NativeClass:/Script/Engine.StaticMeshActor Name:StaticMeshActor_1 Label:SM_Cube SpatiallyLoaded:1 Bounds:IsValid=true, Min=(X=0.000 Y=0.000 Z=-50.000), Max=(X=825.000 Y=425.000 Z=0.000) RuntimeGrid:None EditorOnly:0 RuntimeOnly:0 HLODRelevant:1 FolderPath:Playground FolderGuid:C73F09FC4215536B1DCE2A9E0A830C70
 |   |   |- [+] [ 18]
 |   |   |   |- Guid:78CC2C8A403BBE8E73808ABA7E2FA31F BaseClass: NativeClass:/Script/Engine.StaticMeshActor Name:StaticMeshActor_UAID_F02F7415F77F396101_1727516628 Label:Sphere2 SpatiallyLoaded:1 Bounds:IsValid=true, Min=(X=372.000 Y=185.000 Z=349.000), Max=(X=422.000 Y=235.000 Z=399.000) RuntimeGrid:None EditorOnly:0 RuntimeOnly:0 HLODRelevant:1
 |   |   |- [+] [ 19]
 |   |   |   |- Guid:E9C94B8946A600ECE98E4F9CA04C78A4 BaseClass: NativeClass:/Script/Engine.StaticMeshActor Name:StaticMeshActor_UAID_F02F7415F77F396101_1727520630 Label:SM_Cube8 SpatiallyLoaded:1 Bounds:IsValid=true, Min=(X=305.000 Y=51.000 Z=-10.000), Max=(X=380.000 Y=126.000 Z=65.000) RuntimeGrid:None EditorOnly:0 RuntimeOnly:0 HLODRelevant:1
 |   |   |- [+] [ 20]
 |   |   |   |- Guid:5AE505384640AD8CCD7CB4AB9262D7CA BaseClass: NativeClass:/Script/Engine.StaticMeshActor Name:StaticMeshActor_UAID_F02F7415F77F326101_1980905425 Label:SM_Cube3 SpatiallyLoaded:1 Bounds:IsValid=true, Min=(X=0.000 Y=410.000 Z=0.000), Max=(X=825.000 Y=435.000 Z=400.000) RuntimeGrid:None EditorOnly:0 RuntimeOnly:0 HLODRelevant:1 FolderPath:Playground FolderGuid:C73F09FC4215536B1DCE2A9E0A830C70
 |   |   |- [+] [ 21]
 |   |   |   |- Guid:A1F57A044B4199489B15F3BE4C134605 BaseClass: NativeClass:/Script/Engine.VolumetricCloud Name:VolumetricCloud_0 Label:VolumetricCloud SpatiallyLoaded:0 Bounds:IsValid=true, Min=(X=0.000 Y=0.000 Z=820.000), Max=(X=0.000 Y=0.000 Z=820.000) RuntimeGrid:None EditorOnly:0 RuntimeOnly:0 HLODRelevant:0 FolderPath:Lighting FolderGuid:963EC3EB4002CCE9759E2EBA541A873A
 |   |   |- [+] [ 22]
 |   |   |   |- Guid:78A698E9416A8C882F8F9CB9C7146C7F BaseClass:/Game/Characters/Blueprints/GrannyCharacter.GrannyCharacter_C NativeClass:/Script/Engine.Character Name:GrannyCharacter_C_UAID_F02F7415F77F266301_1853402399 Label:GrannyCharacter SpatiallyLoaded:1 Bounds:IsValid=true, Min=(X=-401.520 Y=-165.931 Z=-267.165), Max=(X=573.858 Y=809.447 Z=425.165) RuntimeGrid:None EditorOnly:0 RuntimeOnly:0 HLODRelevant:0
 |   |   |- [+] [ 23]
 |   |   |   |- Guid:1899D9F24BF1D076A0C17CA24E636D85 BaseClass: NativeClass:/Script/Engine.StaticMeshActor Name:StaticMeshActor_UAID_F02F7415F77F396101_1727519629 Label:SM_Cylinder2 SpatiallyLoaded:1 Bounds:IsValid=true, Min=(X=342.500 Y=78.500 Z=64.000), Max=(X=367.500 Y=103.500 Z=89.000) RuntimeGrid:None EditorOnly:0 RuntimeOnly:0 HLODRelevant:1
 |   |   |- [+] [ 24]
 |   |   |   |- Guid:2FCE37D5465BFDD0169FB5BC64846BB9 BaseClass: NativeClass:/Script/Engine.SkeletalMeshActor Name:SkeletalMeshActor_UAID_F02F7415F77F276301_1691203577 Label:Laying_Hand_Gesture SpatiallyLoaded:1 Bounds:IsValid=true, Min=(X=47.140 Y=137.286 Z=43.652), Max=(X=214.682 Y=210.474 Z=84.895) RuntimeGrid:None EditorOnly:0 RuntimeOnly:0 HLODRelevant:0
 |   |   |- [+] [ 25]
 |   |   |   |- Guid:4C1F13C7448EE62DF42832AA08B4B340 BaseClass: NativeClass:/Script/Engine.StaticMeshActor Name:StaticMeshActor_UAID_F02F7415F77F326101_2037173430 Label:SM_Cube7 SpatiallyLoaded:1 Bounds:IsValid=true, Min=(X=5.000 Y=20.000 Z=0.000), Max=(X=280.000 Y=220.000 Z=50.000) RuntimeGrid:None EditorOnly:0 RuntimeOnly:0 HLODRelevant:1
 |   |   |- [+] [ 26]
 |   |   |   |- Guid:869633124823576A7E88868FF4AFE56E BaseClass: NativeClass:/Script/Engine.PlayerStart Name:PlayerStart_UAID_F02F7415F77F336101_1589640613 Label:PlayerStart SpatiallyLoaded:0 Bounds:IsValid=true, Min=(X=156.852 Y=171.675 Z=63.309), Max=(X=312.096 Y=283.093 Z=269.876) RuntimeGrid:None EditorOnly:0 RuntimeOnly:0 HLODRelevant:0
 |   |   |- [+] [ 27]
 |   |   |   |- Guid:A20C8C9D477C2BD354B526B6A556FB7C BaseClass: NativeClass:/Script/Engine.StaticMeshActor Name:StaticMeshActor_5 Label:SM_Cube2 SpatiallyLoaded:1 Bounds:IsValid=true, Min=(X=0.000 Y=0.000 Z=0.000), Max=(X=825.000 Y=25.000 Z=400.000) RuntimeGrid:None EditorOnly:0 RuntimeOnly:0 HLODRelevant:1 FolderPath:Playground FolderGuid:C73F09FC4215536B1DCE2A9E0A830C70
 |   |   |- [+] [ 28]
 |   |   |   |- Guid:45D3F3AF4DD08CD6D5C1ABA2ABFCA178 BaseClass: NativeClass:/Script/Engine.StaticMeshActor Name:StaticMeshActor_UAID_F02F7415F77F266301_1842657398 Label:Cube2 SpatiallyLoaded:1 Bounds:IsValid=true, Min=(X=43.022 Y=321.285 Z=-14.000), Max=(X=98.164 Y=371.805 Z=86.000) RuntimeGrid:None EditorOnly:0 RuntimeOnly:0 HLODRelevant:1
 |   |   |- [+] [ 29]
 |   |   |   |- Guid:ABDC7F3F4F0A6850B78FFB8EE6BA70BF BaseClass: NativeClass:/Script/Engine.DirectionalLight Name:DirectionalLight_0 Label:DirectionalLight SpatiallyLoaded:0 Bounds:IsValid=true, Min=(X=-4398046511104.000 Y=-4398046511104.000 Z=-4398046511104.000), Max=(X=4398046511104.000 Y=4398046511104.000 Z=4398046511104.000) RuntimeGrid:None EditorOnly:0 RuntimeOnly:0 HLODRelevant:0 FolderPath:Lighting FolderGuid:963EC3EB4002CCE9759E2EBA541A873A
 |- ContainerInstances:
 |- [+] MainContainer:
 |   |-        ID: 0x0000000000000000
 |   |-    Bounds: IsValid=false, Min=(X=0.000 Y=0.000 Z=0.000), Max=(X=0.000 Y=0.000 Z=0.000)
 |   |- Transform: 0.000000,0.000000,0.000000|0.000000,0.000000,-0.000000|1.000000,1.000000,1.000000
 |   |- Container: /Game/Levels/MainLocations
----------------------------------------------------------------------------------------------------------------
MainLocations - Persistent Level
----------------------------------------------------------------------------------------------------------------
Always loaded Actor Count: 37 

----------------------------------------------------------------------------------------------------------------
MainLocations - Runtime Spatial Hash - Streaming Grid - MainGrid
----------------------------------------------------------------------------------------------------------------
            Origin: X=0.000 Y=0.000 Z=0.000
         Cell Size: 12800
      World Bounds: IsValid=false, Min=(X=0.000 Y=0.000 Z=0.000), Max=(X=0.000 Y=0.000 Z=0.000)
     Loading Range: 89408.52
Block Slow Loading: No
 ClientOnlyVisible: No

[+] Grid Levels: 1
 |- Level  0: Cell Count    0 | Cell Size   12800 | Actor Count    0 (0.0%)

[+] Content of Grid Level 0

