[+] Containers:
 |- [+] Container: /Game/Levels/Platformer_2
 |   |- [+] ActorDescs:
 |   |   |- Guid:0148DC4E4C4CA839CD63BC876D9ED718 BaseClass:/Game/Objects/Blueprints/Coin.Coin_C NativeClass:/Script/Engine.Actor Name:Coin_C_UAID_F02F7415F77F866101_1446271210 Label:Coin SpatiallyLoaded:1 Bounds:IsValid=true, Min=(X=-1158.317 Y=-235.974 Z=4292.125), Max=(X=-990.026 Y=-67.683 Z=4369.875) RuntimeGrid:None EditorOnly:0 RuntimeOnly:0 HLODRelevant:0
 |   |   |- Guid:09F871674F09B64C85310AB771162E63 BaseClass:/Game/Objects/Blueprints/Coin.Coin_C NativeClass:/Script/Engine.Actor Name:Coin_C_UAID_F02F7415F77F736301_1512791947 Label:Coin8 SpatiallyLoaded:1 Bounds:IsValid=true, Min=(X=-802.317 Y=-425.974 Z=2391.125), Max=(X=-634.026 Y=-257.683 Z=2468.875) RuntimeGrid:None EditorOnly:0 RuntimeOnly:0 HLODRelevant:0
 |   |   |- Guid:0A7C23C1419812A1A3D25AB8EBDC899F BaseClass:/Game/Objects/Blueprints/DestroyLeaf.DestroyLeaf_C NativeClass:/Script/Engine.Actor Name:DestroyLeaf_C_UAID_F02F7415F77F846101_1366055831 Label:DestroyLeaf SpatiallyLoaded:1 Bounds:IsValid=true, Min=(X=-449.661 Y=-584.641 Z=2712.000), Max=(X=33.541 Y=-4.701 Z=2835.000) RuntimeGrid:None EditorOnly:0 RuntimeOnly:0 HLODRelevant:0
 |   |   |- Guid:0B039C1446E424BD2FC2E0B0B6B70031 BaseClass: NativeClass:/Script/Engine.SkyAtmosphere Name:SkyAtmosphere_UAID_F02F7415F77F3A6101_1300709807 Label:SkyAtmosphere SpatiallyLoaded:0 Bounds:IsValid=true, Min=(X=0.000 Y=0.000 Z=1020.000), Max=(X=0.000 Y=0.000 Z=1020.000) RuntimeGrid:None EditorOnly:0 RuntimeOnly:0 HLODRelevant:0 FolderPath:Lighting FolderGuid:963EC3EB4002CCE9759E2EBA541A873A
 |   |   |- Guid:1030FDC24A6A741B13E24CA7AC74D034 BaseClass:/Game/Objects/Blueprints/Coin.Coin_C NativeClass:/Script/Engine.Actor Name:Coin_C_UAID_F02F7415F77F736301_1502793945 Label:Coin6 SpatiallyLoaded:1 Bounds:IsValid=true, Min=(X=-1379.317 Y=356.026 Z=1785.125), Max=(X=-1211.026 Y=524.317 Z=1862.875) RuntimeGrid:None EditorOnly:0 RuntimeOnly:0 HLODRelevant:0
 |   |   |- Guid:14E2B8A54179633622518F8344634185 BaseClass:/Game/Objects/Blueprints/Coin.Coin_C NativeClass:/Script/Engine.Actor Name:Coin_C_UAID_F02F7415F77F876101_1428634387 Label:Coin2 SpatiallyLoaded:1 Bounds:IsValid=true, Min=(X=-780.317 Y=-394.974 Z=4292.125), Max=(X=-612.026 Y=-226.683 Z=4369.875) RuntimeGrid:None EditorOnly:0 RuntimeOnly:0 HLODRelevant:0
 |   |   |- Guid:1B20DBD9463F1365E88D3EAC6EEBE204 BaseClass: NativeClass:/Script/Engine.StaticMeshActor Name:StaticMeshActor_UAID_F02F7415F77F7A6101_1316350064 Label:SM_Cube5 SpatiallyLoaded:1 Bounds:IsValid=true, Min=(X=-990.000 Y=786.000 Z=1286.000), Max=(X=-840.000 Y=986.000 Z=1386.000) RuntimeGrid:None EditorOnly:0 RuntimeOnly:0 HLODRelevant:1 FolderPath:Level FolderGuid:D380608B471B44905ADC229E215CC961
 |   |   |- Guid:1CBDD0554442E84898BF9CACDFC36127 BaseClass: NativeClass:/Script/Engine.StaticMeshActor Name:StaticMeshActor_UAID_F02F7415F77F7A6101_1515359072 Label:SM_Cube12 SpatiallyLoaded:1 Bounds:IsValid=true, Min=(X=-89.000 Y=196.000 Z=1669.394), Max=(X=311.000 Y=512.110 Z=1865.969) RuntimeGrid:None EditorOnly:0 RuntimeOnly:0 HLODRelevant:1 FolderPath:Level FolderGuid:D380608B471B44905ADC229E215CC961
 |   |   |- Guid:1D155539465FB48B81340995B0424032 BaseClass: NativeClass:/Script/Engine.StaticMeshActor Name:StaticMeshActor_UAID_F02F7415F77F3A6101_1477541814 Label:SM_Cube4 SpatiallyLoaded:1 Bounds:IsValid=true, Min=(X=-526.000 Y=786.000 Z=1022.000), Max=(X=-126.000 Y=1086.000 Z=1122.000) RuntimeGrid:None EditorOnly:0 RuntimeOnly:0 HLODRelevant:1 FolderPath:Level FolderGuid:D380608B471B44905ADC229E215CC961
 |   |   |- Guid:2BA3B2EC4C252060C795129C63C9343D BaseClass:/Game/Objects/Blueprints/DestroyLeaf.DestroyLeaf_C NativeClass:/Script/Engine.Actor Name:DestroyLeaf_C_UAID_F02F7415F77F846101_1463913845 Label:DestroyLeaf5 SpatiallyLoaded:1 Bounds:IsValid=true, Min=(X=-1360.000 Y=713.000 Z=4828.000), Max=(X=-860.000 Y=1013.000 Z=4951.000) RuntimeGrid:None EditorOnly:0 RuntimeOnly:0 HLODRelevant:0
 |   |   |- Guid:2C3E96764DBE281F2C39758D6036A366 BaseClass: NativeClass:/Script/Engine.StaticMeshActor Name:StaticMeshActor_UAID_F02F7415F77F846101_1403819835 Label:SM_Cube20 SpatiallyLoaded:1 Bounds:IsValid=true, Min=(X=-1136.000 Y=352.000 Z=3591.000), Max=(X=-986.000 Y=452.000 Z=3691.000) RuntimeGrid:None EditorOnly:0 RuntimeOnly:0 HLODRelevant:1 FolderPath:Level FolderGuid:D380608B471B44905ADC229E215CC961
 |   |   |- Guid:370B5072448F363A37B2B2BAC8E9318F BaseClass: NativeClass:/Script/Engine.TriggerBox Name:TriggerBox_UAID_F02F7415F77F7A6301_1118963179 Label:TriggerBox SpatiallyLoaded:1 Bounds:IsValid=true, Min=(X=-521.625 Y=773.375 Z=5808.000), Max=(X=-70.375 Y=1224.625 Z=5888.000) RuntimeGrid:None EditorOnly:0 RuntimeOnly:0 HLODRelevant:0
 |   |   |- Guid:3881144B4BD190CBEE296F9A0DEBB5FF BaseClass: NativeClass:/Script/Engine.StaticMeshActor Name:StaticMeshActor_UAID_F02F7415F77F7A6101_1772556073 Label:SM_Cube13 SpatiallyLoaded:1 Bounds:IsValid=true, Min=(X=-1385.000 Y=628.000 Z=1286.000), Max=(X=-1235.000 Y=828.000 Z=1386.000) RuntimeGrid:None EditorOnly:0 RuntimeOnly:0 HLODRelevant:1 FolderPath:Level FolderGuid:D380608B471B44905ADC229E215CC961
 |   |   |- Guid:3CBC663344B58926349B0E944852F6FA BaseClass: NativeClass:/Script/Engine.StaticMeshActor Name:StaticMeshActor_UAID_F02F7415F77F846101_1407474837 Label:SM_Cube22 SpatiallyLoaded:1 Bounds:IsValid=true, Min=(X=-1136.000 Y=156.000 Z=3987.000), Max=(X=-986.000 Y=256.000 Z=4087.000) RuntimeGrid:None EditorOnly:0 RuntimeOnly:0 HLODRelevant:1 FolderPath:Level FolderGuid:D380608B471B44905ADC229E215CC961
 |   |   |- Guid:406DC7354EBE3B3BD874C5BD3CD8D114 BaseClass:/Game/Objects/Blueprints/FoldLeaf.FoldLeaf_C NativeClass:/Script/Engine.Actor Name:FoldLeaf_C_UAID_F02F7415F77F7E6101_1784024768 Label:FoldLeaf2 SpatiallyLoaded:1 Bounds:IsValid=true, Min=(X=-703.000 Y=691.000 Z=2591.000), Max=(X=-403.000 Y=1191.000 Z=2691.000) RuntimeGrid:None EditorOnly:0 RuntimeOnly:0 HLODRelevant:0
 |   |   |- Guid:458AD62D443010394D64E8A3B6938506 BaseClass:/Game/Objects/Blueprints/Coin.Coin_C NativeClass:/Script/Engine.Actor Name:Coin_C_UAID_F02F7415F77F7A6301_1207750180 Label:Coin10 SpatiallyLoaded:1 Bounds:IsValid=true, Min=(X=90.683 Y=393.026 Z=3114.125), Max=(X=258.974 Y=561.317 Z=3191.875) RuntimeGrid:None EditorOnly:0 RuntimeOnly:0 HLODRelevant:0
 |   |   |- Guid:4C9915164851EA78CF7BE0B65B659D90 BaseClass: NativeClass:/Script/Engine.StaticMeshActor Name:StaticMeshActor_UAID_F02F7415F77F7A6301_1106049178 Label:SM_Cube31 SpatiallyLoaded:1 Bounds:IsValid=true, Min=(X=-453.000 Y=761.000 Z=5748.000), Max=(X=-153.000 Y=1211.000 Z=5848.000) RuntimeGrid:None EditorOnly:0 RuntimeOnly:0 HLODRelevant:1 FolderPath:Level FolderGuid:D380608B471B44905ADC229E215CC961
 |   |   |- Guid:51CD6CB24A6C45D97BACCD8D2F27D322 BaseClass: NativeClass:/Script/Engine.StaticMeshActor Name:StaticMeshActor_UAID_F02F7415F77F3A6101_1474176813 Label:SM_Cube3 SpatiallyLoaded:1 Bounds:IsValid=true, Min=(X=59.000 Y=467.000 Z=670.000), Max=(X=459.000 Y=767.000 Z=770.000) RuntimeGrid:None EditorOnly:0 RuntimeOnly:0 HLODRelevant:1 FolderPath:Level FolderGuid:D380608B471B44905ADC229E215CC961
 |   |   |- Guid:5294BEBA4C92D2733B426D818AE9F59E BaseClass: NativeClass:/Script/Engine.StaticMeshActor Name:StaticMeshActor_UAID_F02F7415F77F7A6101_1346050068 Label:SM_Cube9 SpatiallyLoaded:1 Bounds:IsValid=true, Min=(X=-1040.845 Y=-316.000 Z=2115.477), Max=(X=-629.557 Y=-16.000 Z=2283.417) RuntimeGrid:None EditorOnly:0 RuntimeOnly:0 HLODRelevant:1 FolderPath:Level FolderGuid:D380608B471B44905ADC229E215CC961
 |   |   |- Guid:6149A1F346A42D45CC36FE9F451C5DE9 BaseClass:/Game/Objects/Blueprints/FoldLeaf.FoldLeaf_C NativeClass:/Script/Engine.Actor Name:FoldLeaf_C_UAID_F02F7415F77F856101_1548417027 Label:FoldLeaf4 SpatiallyLoaded:1 Bounds:IsValid=true, Min=(X=-872.000 Y=-598.000 Z=4103.000), Max=(X=-572.000 Y=-98.000 Z=4203.000) RuntimeGrid:None EditorOnly:0 RuntimeOnly:0 HLODRelevant:0
 |   |   |- Guid:62261CBD4402645BB6392B88BE6774F8 BaseClass:/Game/Objects/Blueprints/DestroyLeaf.DestroyLeaf_C NativeClass:/Script/Engine.Actor Name:DestroyLeaf_C_UAID_F02F7415F77F846101_1473625848 Label:DestroyLeaf8 SpatiallyLoaded:1 Bounds:IsValid=true, Min=(X=-1000.074 Y=819.728 Z=5524.000), Max=(X=-657.638 Y=1343.972 Z=5647.000) RuntimeGrid:None EditorOnly:0 RuntimeOnly:0 HLODRelevant:0
 |   |   |- Guid:6387B5034B1F2202A60743BF5EB13C24 BaseClass: NativeClass:/Script/Engine.StaticMeshActor Name:StaticMeshActor_UAID_F02F7415F77F7A6101_1264644063 Label:Cube SpatiallyLoaded:1 Bounds:IsValid=true, Min=(X=-999.000 Y=-59.000 Z=-5395.000), Max=(X=-199.000 Y=691.000 Z=8005.000) RuntimeGrid:None EditorOnly:0 RuntimeOnly:0 HLODRelevant:1
 |   |   |- Guid:6BEB5E684394721A4F22488DD7FB6FEE BaseClass:/Game/Objects/Blueprints/Coin.Coin_C NativeClass:/Script/Engine.Actor Name:Coin_C_UAID_F02F7415F77F7A6301_1214770181 Label:Coin11 SpatiallyLoaded:1 Bounds:IsValid=true, Min=(X=93.683 Y=555.026 Z=3114.125), Max=(X=261.974 Y=723.317 Z=3191.875) RuntimeGrid:None EditorOnly:0 RuntimeOnly:0 HLODRelevant:0
 |   |   |- Guid:6D4B6BA9450F2FA9C81392AB9089EC34 BaseClass:/Game/Objects/Blueprints/Coin.Coin_C NativeClass:/Script/Engine.Actor Name:Coin_C_UAID_F02F7415F77F736301_1504703946 Label:Coin7 SpatiallyLoaded:1 Bounds:IsValid=true, Min=(X=-1379.317 Y=356.026 Z=2391.125), Max=(X=-1211.026 Y=524.317 Z=2468.875) RuntimeGrid:None EditorOnly:0 RuntimeOnly:0 HLODRelevant:0
 |   |   |- Guid:6F88E68B4CB0B17165B5A392B0FD42D7 BaseClass:/Game/Objects/Blueprints/DestroyLeaf.DestroyLeaf_C NativeClass:/Script/Engine.Actor Name:DestroyLeaf_C_UAID_F02F7415F77F846101_1460522844 Label:DestroyLeaf4 SpatiallyLoaded:1 Bounds:IsValid=true, Min=(X=-721.000 Y=713.000 Z=4631.000), Max=(X=-221.000 Y=1013.000 Z=4754.000) RuntimeGrid:None EditorOnly:0 RuntimeOnly:0 HLODRelevant:0
 |   |   |- Guid:7103AE8240DB0D087C188C885C34F05A BaseClass: NativeClass:/Script/Engine.PostProcessVolume Name:PostProcessVolume_UAID_F02F7415F77F3A6101_1300708806 Label:PostProcessVolume SpatiallyLoaded:0 Bounds:IsValid=true, Min=(X=0.000 Y=0.000 Z=400.000), Max=(X=200.000 Y=200.000 Z=600.000) RuntimeGrid:None EditorOnly:0 RuntimeOnly:0 HLODRelevant:0 FolderPath:Lighting FolderGuid:963EC3EB4002CCE9759E2EBA541A873A
 |   |   |- Guid:7132F2B044CCB05878519B90E4C97542 BaseClass:/Game/Objects/Blueprints/FoldLeaf.FoldLeaf_C NativeClass:/Script/Engine.Actor Name:FoldLeaf_C_UAID_F02F7415F77F7E6101_1792179769 Label:FoldLeaf3 SpatiallyLoaded:1 Bounds:IsValid=true, Min=(X=-251.431 Y=700.457 Z=2739.000), Max=(X=91.005 Y=1224.701 Z=2839.000) RuntimeGrid:None EditorOnly:0 RuntimeOnly:0 HLODRelevant:0
 |   |   |- Guid:75CCB539458C0CDF13CC5FAD14973571 BaseClass:/Game/Objects/Blueprints/FoldLeaf.FoldLeaf_C NativeClass:/Script/Engine.Actor Name:FoldLeaf_C_UAID_F02F7415F77F846101_1451494842 Label:FoldLeaf6 SpatiallyLoaded:1 Bounds:IsValid=true, Min=(X=-199.000 Y=96.000 Z=4411.000), Max=(X=301.000 Y=396.000 Z=4511.000) RuntimeGrid:None EditorOnly:0 RuntimeOnly:0 HLODRelevant:0
 |   |   |- Guid:7D90211845DFE89DC1EB2DAC9B97D135 BaseClass: NativeClass:/Script/Engine.StaticMeshActor Name:StaticMeshActor_UAID_F02F7415F77F7A6101_1781703074 Label:SM_Cube14 SpatiallyLoaded:1 Bounds:IsValid=true, Min=(X=-1385.000 Y=333.000 Z=1522.000), Max=(X=-1235.000 Y=533.000 Z=1622.000) RuntimeGrid:None EditorOnly:0 RuntimeOnly:0 HLODRelevant:1 FolderPath:Level FolderGuid:D380608B471B44905ADC229E215CC961
 |   |   |- Guid:801915224E97E9B2BEE658B4C01C03D7 BaseClass:/Game/Objects/Blueprints/Coin.Coin_C NativeClass:/Script/Engine.Actor Name:Coin_C_UAID_F02F7415F77F876101_1431632388 Label:Coin3 SpatiallyLoaded:1 Bounds:IsValid=true, Min=(X=-417.317 Y=-394.974 Z=4472.125), Max=(X=-249.026 Y=-226.683 Z=4549.875) RuntimeGrid:None EditorOnly:0 RuntimeOnly:0 HLODRelevant:0
 |   |   |- Guid:832B4D0A4546EC1AE2D22F93D983C5F8 BaseClass: NativeClass:/Script/Engine.StaticMeshActor Name:StaticMeshActor_UAID_F02F7415F77F7A6101_1790026076 Label:SM_Cube16 SpatiallyLoaded:1 Bounds:IsValid=true, Min=(X=-1136.000 Y=453.000 Z=2013.000), Max=(X=-986.000 Y=553.000 Z=2113.000) RuntimeGrid:None EditorOnly:0 RuntimeOnly:0 HLODRelevant:1 FolderPath:Level FolderGuid:D380608B471B44905ADC229E215CC961
 |   |   |- Guid:834C62D943BA0C0C1A5D7F9C0FBC707F BaseClass: NativeClass:/Script/Engine.StaticMeshActor Name:StaticMeshActor_UAID_F02F7415F77F7A6101_1394914071 Label:SM_Cube11 SpatiallyLoaded:1 Bounds:IsValid=true, Min=(X=-1319.975 Y=580.188 Z=2567.000), Max=(X=-981.896 Y=1054.622 Z=2667.000) RuntimeGrid:None EditorOnly:0 RuntimeOnly:0 HLODRelevant:1 FolderPath:Level FolderGuid:D380608B471B44905ADC229E215CC961
 |   |   |- Guid:83CE0DB94FD6772AB562DEAFC776183D BaseClass: NativeClass:/Script/Engine.VolumetricCloud Name:VolumetricCloud_UAID_F02F7415F77F3A6101_1300711808 Label:VolumetricCloud SpatiallyLoaded:0 Bounds:IsValid=true, Min=(X=0.000 Y=0.000 Z=820.000), Max=(X=0.000 Y=0.000 Z=820.000) RuntimeGrid:None EditorOnly:0 RuntimeOnly:0 HLODRelevant:0 FolderPath:Lighting FolderGuid:963EC3EB4002CCE9759E2EBA541A873A
 |   |   |- Guid:847F5374402C7746453185B8E789DA41 BaseClass: NativeClass:/Script/Engine.StaticMeshActor Name:StaticMeshActor_UAID_F02F7415F77F7A6101_1321869065 Label:SM_Cube6 SpatiallyLoaded:1 Bounds:IsValid=true, Min=(X=-89.000 Y=620.000 Z=1402.000), Max=(X=311.000 Y=920.000 Z=1502.000) RuntimeGrid:None EditorOnly:0 RuntimeOnly:0 HLODRelevant:1 FolderPath:Level FolderGuid:D380608B471B44905ADC229E215CC961
 |   |   |- Guid:95D8B69F4DFD78AAA359A2808EEFEE0E BaseClass:/Game/Objects/Blueprints/Coin.Coin_C NativeClass:/Script/Engine.Actor Name:Coin_C_UAID_F02F7415F77F736301_1491127943 Label:Coin4 SpatiallyLoaded:1 Bounds:IsValid=true, Min=(X=197.683 Y=518.026 Z=790.125), Max=(X=365.974 Y=686.317 Z=867.875) RuntimeGrid:None EditorOnly:0 RuntimeOnly:0 HLODRelevant:0
 |   |   |- Guid:9A2F5B414296455B7F31D3922DEA36F5 BaseClass: NativeClass:/Script/Engine.PlayerStart Name:PlayerStart_UAID_F02F7415F77F3A6101_1399036811 Label:PlayerStart SpatiallyLoaded:0 Bounds:IsValid=true, Min=(X=232.000 Y=-226.000 Z=931.000), Max=(X=312.000 Y=-146.000 Z=1115.000) RuntimeGrid:None EditorOnly:0 RuntimeOnly:0 HLODRelevant:0
 |   |   |- Guid:A060DFF24C0C029FF97470B41A875726 BaseClass: NativeClass:/Script/Engine.StaticMeshActor Name:StaticMeshActor_UAID_F02F7415F77F7A6101_1330303066 Label:SM_Cube7 SpatiallyLoaded:1 Bounds:IsValid=true, Min=(X=-163.000 Y=-122.000 Z=2116.000), Max=(X=237.000 Y=178.000 Z=2216.000) RuntimeGrid:None EditorOnly:0 RuntimeOnly:0 HLODRelevant:1 FolderPath:Level FolderGuid:D380608B471B44905ADC229E215CC961
 |   |   |- Guid:A1B26EB5466B9D39C795DEA0A99316D6 BaseClass: NativeClass:/Script/Engine.StaticMeshActor Name:StaticMeshActor_UAID_F02F7415F77F7E6101_1798845770 Label:SM_Cube17 SpatiallyLoaded:1 Bounds:IsValid=true, Min=(X=95.843 Y=420.468 Z=2911.056), Max=(X=433.921 Y=894.902 Z=3011.056) RuntimeGrid:None EditorOnly:0 RuntimeOnly:0 HLODRelevant:1 FolderPath:Level FolderGuid:D380608B471B44905ADC229E215CC961
 |   |   |- Guid:A391A5524DCD121A1243F3BA47302F6C BaseClass: NativeClass:/Script/Engine.ExponentialHeightFog Name:ExponentialHeightFog_UAID_F02F7415F77F3A6101_1300706804 Label:ExponentialHeightFog SpatiallyLoaded:0 Bounds:IsValid=true, Min=(X=-5600.000 Y=-50.000 Z=-6850.000), Max=(X=-5600.000 Y=-50.000 Z=-6850.000) RuntimeGrid:None EditorOnly:0 RuntimeOnly:0 HLODRelevant:0 FolderPath:Lighting FolderGuid:963EC3EB4002CCE9759E2EBA541A873A
 |   |   |- Guid:A3F81BF44219DAEDC39A67B91F5250D0 BaseClass: NativeClass:/Script/Engine.DirectionalLight Name:DirectionalLight_UAID_F02F7415F77F3A6101_1300712809 Label:DirectionalLight SpatiallyLoaded:0 Bounds:IsValid=true, Min=(X=-4398046511104.000 Y=-4398046511104.000 Z=-4398046511104.000), Max=(X=4398046511104.000 Y=4398046511104.000 Z=4398046511104.000) RuntimeGrid:None EditorOnly:0 RuntimeOnly:0 HLODRelevant:0 FolderPath:Lighting FolderGuid:963EC3EB4002CCE9759E2EBA541A873A
 |   |   |- Guid:A6FC1AE2400BA617D8AC26B400F0167E BaseClass: NativeClass:/Script/Engine.StaticMeshActor Name:StaticMeshActor_UAID_F02F7415F77F846101_1490322849 Label:SM_Cube25 SpatiallyLoaded:1 Bounds:IsValid=true, Min=(X=-1294.000 Y=341.000 Z=5470.000), Max=(X=-994.000 Y=791.000 Z=5570.000) RuntimeGrid:None EditorOnly:0 RuntimeOnly:0 HLODRelevant:1 FolderPath:Level FolderGuid:D380608B471B44905ADC229E215CC961
 |   |   |- Guid:AA577537416C5FAF49D8C0B075B80CA2 BaseClass: NativeClass:/Script/Engine.StaticMeshActor Name:StaticMeshActor_UAID_F02F7415F77F3A6101_1384971810 Label:SM_Cube SpatiallyLoaded:1 Bounds:IsValid=true, Min=(X=59.000 Y=-214.000 Z=466.000), Max=(X=459.000 Y=186.000 Z=566.000) RuntimeGrid:None EditorOnly:0 RuntimeOnly:0 HLODRelevant:1 FolderPath:Level FolderGuid:D380608B471B44905ADC229E215CC961
 |   |   |- Guid:AA79063944E209FAF067EBBD3F1BD75E BaseClass:/Game/Objects/Blueprints/Coin.Coin_C NativeClass:/Script/Engine.Actor Name:Coin_C_UAID_F02F7415F77F736301_1496341944 Label:Coin5 SpatiallyLoaded:1 Bounds:IsValid=true, Min=(X=-406.317 Y=874.026 Z=1562.125), Max=(X=-238.026 Y=1042.317 Z=1639.875) RuntimeGrid:None EditorOnly:0 RuntimeOnly:0 HLODRelevant:0
 |   |   |- Guid:AB0F12544564463E3599C6AB2B5568CE BaseClass:/Game/Objects/Blueprints/FoldLeaf.FoldLeaf_C NativeClass:/Script/Engine.Actor Name:FoldLeaf_C_UAID_F02F7415F77F846101_1362277830 Label:FoldLeaf SpatiallyLoaded:1 Bounds:IsValid=true, Min=(X=-199.000 Y=23.000 Z=2755.000), Max=(X=301.000 Y=323.000 Z=2855.000) RuntimeGrid:None EditorOnly:0 RuntimeOnly:0 HLODRelevant:0
 |   |   |- Guid:AB6BEE1E440E245F8CBC989D54B68D5A BaseClass: NativeClass:/Script/Engine.WorldDataLayers Name:WorldDataLayers Label:WorldDataLayers SpatiallyLoaded:0 Bounds:IsValid=true, Min=(X=0.000 Y=0.000 Z=0.000), Max=(X=0.000 Y=0.000 Z=0.000) RuntimeGrid:None EditorOnly:0 RuntimeOnly:0 HLODRelevant:0
 |   |   |- Guid:AC220903474036074BC97A8C1B3A0FE0 BaseClass: NativeClass:/Script/Engine.StaticMeshActor Name:StaticMeshActor_UAID_F02F7415F77F3A6101_1300702803 Label:SM_SkySphere SpatiallyLoaded:0 Bounds:IsValid=true, Min=(X=-1638400.000 Y=-1638400.000 Z=-1638400.000), Max=(X=1638400.000 Y=1638400.000 Z=1638400.000) RuntimeGrid:None EditorOnly:0 RuntimeOnly:0 HLODRelevant:1 FolderPath:Lighting FolderGuid:963EC3EB4002CCE9759E2EBA541A873A
 |   |   |- Guid:AFBC633E4D89D96EE8F429973D1952C1 BaseClass: NativeClass:/Script/Engine.StaticMeshActor Name:StaticMeshActor_UAID_F02F7415F77F7A6101_1339429067 Label:SM_Cube8 SpatiallyLoaded:1 Bounds:IsValid=true, Min=(X=-664.000 Y=-316.000 Z=2116.000), Max=(X=-264.000 Y=-16.000 Z=2216.000) RuntimeGrid:None EditorOnly:0 RuntimeOnly:0 HLODRelevant:1 FolderPath:Level FolderGuid:D380608B471B44905ADC229E215CC961
 |   |   |- Guid:C7AFC0C84A4D5CD3213888A6542ABAEF BaseClass:/Game/Objects/Blueprints/FoldLeaf.FoldLeaf_C NativeClass:/Script/Engine.Actor Name:FoldLeaf_C_UAID_F02F7415F77F856101_1985543028 Label:FoldLeaf5 SpatiallyLoaded:1 Bounds:IsValid=true, Min=(X=-528.000 Y=-598.000 Z=4323.000), Max=(X=-228.000 Y=-98.000 Z=4423.000) RuntimeGrid:None EditorOnly:0 RuntimeOnly:0 HLODRelevant:0
 |   |   |- Guid:CF084A024E2D454108CD8890BDDF2773 BaseClass: NativeClass:/Script/Engine.StaticMeshActor Name:StaticMeshActor_UAID_F02F7415F77F846101_1406247836 Label:SM_Cube21 SpatiallyLoaded:1 Bounds:IsValid=true, Min=(X=-1136.000 Y=554.000 Z=3803.000), Max=(X=-986.000 Y=654.000 Z=3903.000) RuntimeGrid:None EditorOnly:0 RuntimeOnly:0 HLODRelevant:1 FolderPath:Level FolderGuid:D380608B471B44905ADC229E215CC961
 |   |   |- Guid:CFB4889F489CA063AB8BB99F0D37117C BaseClass: NativeClass:/Script/Engine.StaticMeshActor Name:StaticMeshActor_UAID_F02F7415F77F7A6101_1784919075 Label:SM_Cube15 SpatiallyLoaded:1 Bounds:IsValid=true, Min=(X=-1385.000 Y=98.000 Z=1724.000), Max=(X=-1235.000 Y=298.000 Z=1824.000) RuntimeGrid:None EditorOnly:0 RuntimeOnly:0 HLODRelevant:1 FolderPath:Level FolderGuid:D380608B471B44905ADC229E215CC961
 |   |   |- Guid:D4326C89410B40757636C5B8ED459106 BaseClass: NativeClass:/Script/Engine.StaticMeshActor Name:StaticMeshActor_UAID_F02F7415F77F846101_1436007841 Label:SM_Cube24 SpatiallyLoaded:1 Bounds:IsValid=true, Min=(X=29.000 Y=-402.000 Z=4458.000), Max=(X=429.000 Y=-102.000 Z=4558.000) RuntimeGrid:None EditorOnly:0 RuntimeOnly:0 HLODRelevant:1 FolderPath:Level FolderGuid:D380608B471B44905ADC229E215CC961
 |   |   |- Guid:DAAE83BA4020C7D3B0EE11AAA7EE46EE BaseClass:/Game/Objects/Blueprints/DestroyLeaf.DestroyLeaf_C NativeClass:/Script/Engine.Actor Name:DestroyLeaf_C_UAID_F02F7415F77F846101_1468806846 Label:DestroyLeaf6 SpatiallyLoaded:1 Bounds:IsValid=true, Min=(X=-1360.000 Y=313.000 Z=4933.000), Max=(X=-860.000 Y=613.000 Z=5056.000) RuntimeGrid:None EditorOnly:0 RuntimeOnly:0 HLODRelevant:0
 |   |   |- Guid:DDC36065450FCA8F6625DAA4246B2EC9 BaseClass: NativeClass:/Script/Engine.StaticMeshActor Name:StaticMeshActor_UAID_F02F7415F77F7E6101_2084975771 Label:SM_Cube18 SpatiallyLoaded:1 Bounds:IsValid=true, Min=(X=69.966 Y=-158.748 Z=3124.935), Max=(X=369.966 Y=91.252 Z=3224.935) RuntimeGrid:None EditorOnly:0 RuntimeOnly:0 HLODRelevant:1 FolderPath:Level FolderGuid:D380608B471B44905ADC229E215CC961
 |   |   |- Guid:E05B79204B99964F1D4149BD9325E8EC BaseClass: NativeClass:/Script/Engine.AmbientSound Name:AmbientSound_UAID_F02F7415F77F796301_1087116001 Label:NewSoundCue SpatiallyLoaded:1 Bounds:IsValid=true, Min=(X=-301.000 Y=887.000 Z=1122.000), Max=(X=-301.000 Y=887.000 Z=1122.000) RuntimeGrid:None EditorOnly:0 RuntimeOnly:0 HLODRelevant:0
 |   |   |- Guid:E0DC2D9A4341DEBD06B667BE77DB9ECB BaseClass: NativeClass:/Script/Engine.StaticMeshActor Name:StaticMeshActor_UAID_F02F7415F77F856101_2005302029 Label:SM_Cube26 SpatiallyLoaded:1 Bounds:IsValid=true, Min=(X=-1294.000 Y=-309.000 Z=5151.000), Max=(X=-994.000 Y=141.000 Z=5251.000) RuntimeGrid:None EditorOnly:0 RuntimeOnly:0 HLODRelevant:1 FolderPath:Level FolderGuid:D380608B471B44905ADC229E215CC961
 |   |   |- Guid:E691D60B4780E0A8C52CFC9C9670DA77 BaseClass:/Game/Objects/Blueprints/Coin.Coin_C NativeClass:/Script/Engine.Actor Name:Coin_C_UAID_F02F7415F77F736301_1519884948 Label:Coin9 SpatiallyLoaded:1 Bounds:IsValid=true, Min=(X=-802.317 Y=923.026 Z=3114.125), Max=(X=-634.026 Y=1091.317 Z=3191.875) RuntimeGrid:None EditorOnly:0 RuntimeOnly:0 HLODRelevant:0
 |   |   |- Guid:E89A74744B65C7C5EFB1D5B57785F53A BaseClass: NativeClass:/Script/Engine.StaticMeshActor Name:StaticMeshActor_UAID_F02F7415F77F7A6101_1370938070 Label:SM_Cube10 SpatiallyLoaded:1 Bounds:IsValid=true, Min=(X=-1294.000 Y=-290.000 Z=2186.000), Max=(X=-994.000 Y=160.000 Z=2286.000) RuntimeGrid:None EditorOnly:0 RuntimeOnly:0 HLODRelevant:1 FolderPath:Level FolderGuid:D380608B471B44905ADC229E215CC961
 |   |   |- Guid:E931261E45A6D280A1A0AC8FC7F12400 BaseClass: NativeClass:/Script/Engine.StaticMeshActor Name:StaticMeshActor_UAID_F02F7415F77F846101_1388438833 Label:SM_Cube18 SpatiallyLoaded:1 Bounds:IsValid=true, Min=(X=-1136.000 Y=164.000 Z=3430.000), Max=(X=-986.000 Y=264.000 Z=3530.000) RuntimeGrid:None EditorOnly:0 RuntimeOnly:0 HLODRelevant:1 FolderPath:Level FolderGuid:D380608B471B44905ADC229E215CC961
 |   |   |- Guid:E9B2E92847A11244204357B57070D798 BaseClass:/Game/Objects/Blueprints/DestroyLeaf.DestroyLeaf_C NativeClass:/Script/Engine.Actor Name:DestroyLeaf_C_UAID_F02F7415F77F846101_1453412843 Label:DestroyLeaf3 SpatiallyLoaded:1 Bounds:IsValid=true, Min=(X=-129.000 Y=607.000 Z=4631.000), Max=(X=371.000 Y=907.000 Z=4754.000) RuntimeGrid:None EditorOnly:0 RuntimeOnly:0 HLODRelevant:0
 |   |   |- Guid:ED6921134443E854037697B675800C5C BaseClass: NativeClass:/Script/Engine.StaticMeshActor Name:StaticMeshActor_UAID_F02F7415F77F856101_2128996033 Label:SM_Cube30 SpatiallyLoaded:1 Bounds:IsValid=true, Min=(X=-1085.034 Y=-499.748 Z=3468.935), Max=(X=-935.034 Y=-399.748 Z=3568.935) RuntimeGrid:None EditorOnly:0 RuntimeOnly:0 HLODRelevant:1 FolderPath:Level FolderGuid:D380608B471B44905ADC229E215CC961
 |   |   |- Guid:EF73EFD444E09010956E38931A4A6F0A BaseClass: NativeClass:/Script/Engine.StaticMeshActor Name:StaticMeshActor_UAID_F02F7415F77F856101_2127437032 Label:SM_Cube29 SpatiallyLoaded:1 Bounds:IsValid=true, Min=(X=-657.034 Y=-590.748 Z=3380.935), Max=(X=-507.034 Y=-490.748 Z=3480.935) RuntimeGrid:None EditorOnly:0 RuntimeOnly:0 HLODRelevant:1 FolderPath:Level FolderGuid:D380608B471B44905ADC229E215CC961
 |   |   |- Guid:F3EE0CC84D047FDE2D31C89CDAAF45A6 BaseClass: NativeClass:/Script/Engine.StaticMeshActor Name:StaticMeshActor_UAID_F02F7415F77F856101_2107178030 Label:SM_Cube27 SpatiallyLoaded:1 Bounds:IsValid=true, Min=(X=43.966 Y=-464.748 Z=3318.935), Max=(X=193.966 Y=-364.748 Z=3418.935) RuntimeGrid:None EditorOnly:0 RuntimeOnly:0 HLODRelevant:1 FolderPath:Level FolderGuid:D380608B471B44905ADC229E215CC961
 |   |   |- Guid:F527DD2F4CF4BBFBE583908C71770C37 BaseClass: NativeClass:/Script/Engine.SkyLight Name:SkyLight_UAID_F02F7415F77F3A6101_1300707805 Label:SkyLight2 SpatiallyLoaded:0 Bounds:IsValid=true, Min=(X=0.000 Y=0.000 Z=690.000), Max=(X=0.000 Y=0.000 Z=690.000) RuntimeGrid:None EditorOnly:0 RuntimeOnly:0 HLODRelevant:0 FolderPath:Lighting FolderGuid:963EC3EB4002CCE9759E2EBA541A873A
 |   |   |- Guid:FC4A76E04922652260E5E6A83B18EE89 BaseClass: NativeClass:/Script/Engine.StaticMeshActor Name:StaticMeshActor_UAID_F02F7415F77F846101_1410397838 Label:SM_Cube23 SpatiallyLoaded:1 Bounds:IsValid=true, Min=(X=-1136.000 Y=-354.750 Z=4137.000), Max=(X=-967.250 Y=64.000 Z=4237.000) RuntimeGrid:None EditorOnly:0 RuntimeOnly:0 HLODRelevant:1 FolderPath:Level FolderGuid:D380608B471B44905ADC229E215CC961
 |   |- [+] Clusters:
 |   |   |- [+] [  0]
 |   |   |   |- Guid:3881144B4BD190CBEE296F9A0DEBB5FF BaseClass: NativeClass:/Script/Engine.StaticMeshActor Name:StaticMeshActor_UAID_F02F7415F77F7A6101_1772556073 Label:SM_Cube13 SpatiallyLoaded:1 Bounds:IsValid=true, Min=(X=-1385.000 Y=628.000 Z=1286.000), Max=(X=-1235.000 Y=828.000 Z=1386.000) RuntimeGrid:None EditorOnly:0 RuntimeOnly:0 HLODRelevant:1 FolderPath:Level FolderGuid:D380608B471B44905ADC229E215CC961
 |   |   |- [+] [  1]
 |   |   |   |- Guid:E05B79204B99964F1D4149BD9325E8EC BaseClass: NativeClass:/Script/Engine.AmbientSound Name:AmbientSound_UAID_F02F7415F77F796301_1087116001 Label:NewSoundCue SpatiallyLoaded:1 Bounds:IsValid=true, Min=(X=-301.000 Y=887.000 Z=1122.000), Max=(X=-301.000 Y=887.000 Z=1122.000) RuntimeGrid:None EditorOnly:0 RuntimeOnly:0 HLODRelevant:0
 |   |   |- [+] [  2]
 |   |   |   |- Guid:75CCB539458C0CDF13CC5FAD14973571 BaseClass:/Game/Objects/Blueprints/FoldLeaf.FoldLeaf_C NativeClass:/Script/Engine.Actor Name:FoldLeaf_C_UAID_F02F7415F77F846101_1451494842 Label:FoldLeaf6 SpatiallyLoaded:1 Bounds:IsValid=true, Min=(X=-199.000 Y=96.000 Z=4411.000), Max=(X=301.000 Y=396.000 Z=4511.000) RuntimeGrid:None EditorOnly:0 RuntimeOnly:0 HLODRelevant:0
 |   |   |- [+] [  3]
 |   |   |   |- Guid:4C9915164851EA78CF7BE0B65B659D90 BaseClass: NativeClass:/Script/Engine.StaticMeshActor Name:StaticMeshActor_UAID_F02F7415F77F7A6301_1106049178 Label:SM_Cube31 SpatiallyLoaded:1 Bounds:IsValid=true, Min=(X=-453.000 Y=761.000 Z=5748.000), Max=(X=-153.000 Y=1211.000 Z=5848.000) RuntimeGrid:None EditorOnly:0 RuntimeOnly:0 HLODRelevant:1 FolderPath:Level FolderGuid:D380608B471B44905ADC229E215CC961
 |   |   |- [+] [  4]
 |   |   |   |- Guid:AC220903474036074BC97A8C1B3A0FE0 BaseClass: NativeClass:/Script/Engine.StaticMeshActor Name:StaticMeshActor_UAID_F02F7415F77F3A6101_1300702803 Label:SM_SkySphere SpatiallyLoaded:0 Bounds:IsValid=true, Min=(X=-1638400.000 Y=-1638400.000 Z=-1638400.000), Max=(X=1638400.000 Y=1638400.000 Z=1638400.000) RuntimeGrid:None EditorOnly:0 RuntimeOnly:0 HLODRelevant:1 FolderPath:Lighting FolderGuid:963EC3EB4002CCE9759E2EBA541A873A
 |   |   |- [+] [  5]
 |   |   |   |- Guid:1030FDC24A6A741B13E24CA7AC74D034 BaseClass:/Game/Objects/Blueprints/Coin.Coin_C NativeClass:/Script/Engine.Actor Name:Coin_C_UAID_F02F7415F77F736301_1502793945 Label:Coin6 SpatiallyLoaded:1 Bounds:IsValid=true, Min=(X=-1379.317 Y=356.026 Z=1785.125), Max=(X=-1211.026 Y=524.317 Z=1862.875) RuntimeGrid:None EditorOnly:0 RuntimeOnly:0 HLODRelevant:0
 |   |   |- [+] [  6]
 |   |   |   |- Guid:E931261E45A6D280A1A0AC8FC7F12400 BaseClass: NativeClass:/Script/Engine.StaticMeshActor Name:StaticMeshActor_UAID_F02F7415F77F846101_1388438833 Label:SM_Cube18 SpatiallyLoaded:1 Bounds:IsValid=true, Min=(X=-1136.000 Y=164.000 Z=3430.000), Max=(X=-986.000 Y=264.000 Z=3530.000) RuntimeGrid:None EditorOnly:0 RuntimeOnly:0 HLODRelevant:1 FolderPath:Level FolderGuid:D380608B471B44905ADC229E215CC961
 |   |   |- [+] [  7]
 |   |   |   |- Guid:D4326C89410B40757636C5B8ED459106 BaseClass: NativeClass:/Script/Engine.StaticMeshActor Name:StaticMeshActor_UAID_F02F7415F77F846101_1436007841 Label:SM_Cube24 SpatiallyLoaded:1 Bounds:IsValid=true, Min=(X=29.000 Y=-402.000 Z=4458.000), Max=(X=429.000 Y=-102.000 Z=4558.000) RuntimeGrid:None EditorOnly:0 RuntimeOnly:0 HLODRelevant:1 FolderPath:Level FolderGuid:D380608B471B44905ADC229E215CC961
 |   |   |- [+] [  8]
 |   |   |   |- Guid:AA79063944E209FAF067EBBD3F1BD75E BaseClass:/Game/Objects/Blueprints/Coin.Coin_C NativeClass:/Script/Engine.Actor Name:Coin_C_UAID_F02F7415F77F736301_1496341944 Label:Coin5 SpatiallyLoaded:1 Bounds:IsValid=true, Min=(X=-406.317 Y=874.026 Z=1562.125), Max=(X=-238.026 Y=1042.317 Z=1639.875) RuntimeGrid:None EditorOnly:0 RuntimeOnly:0 HLODRelevant:0
 |   |   |- [+] [  9]
 |   |   |   |- Guid:A060DFF24C0C029FF97470B41A875726 BaseClass: NativeClass:/Script/Engine.StaticMeshActor Name:StaticMeshActor_UAID_F02F7415F77F7A6101_1330303066 Label:SM_Cube7 SpatiallyLoaded:1 Bounds:IsValid=true, Min=(X=-163.000 Y=-122.000 Z=2116.000), Max=(X=237.000 Y=178.000 Z=2216.000) RuntimeGrid:None EditorOnly:0 RuntimeOnly:0 HLODRelevant:1 FolderPath:Level FolderGuid:D380608B471B44905ADC229E215CC961
 |   |   |- [+] [ 10]
 |   |   |   |- Guid:95D8B69F4DFD78AAA359A2808EEFEE0E BaseClass:/Game/Objects/Blueprints/Coin.Coin_C NativeClass:/Script/Engine.Actor Name:Coin_C_UAID_F02F7415F77F736301_1491127943 Label:Coin4 SpatiallyLoaded:1 Bounds:IsValid=true, Min=(X=197.683 Y=518.026 Z=790.125), Max=(X=365.974 Y=686.317 Z=867.875) RuntimeGrid:None EditorOnly:0 RuntimeOnly:0 HLODRelevant:0
 |   |   |- [+] [ 11]
 |   |   |   |- Guid:0B039C1446E424BD2FC2E0B0B6B70031 BaseClass: NativeClass:/Script/Engine.SkyAtmosphere Name:SkyAtmosphere_UAID_F02F7415F77F3A6101_1300709807 Label:SkyAtmosphere SpatiallyLoaded:0 Bounds:IsValid=true, Min=(X=0.000 Y=0.000 Z=1020.000), Max=(X=0.000 Y=0.000 Z=1020.000) RuntimeGrid:None EditorOnly:0 RuntimeOnly:0 HLODRelevant:0 FolderPath:Lighting FolderGuid:963EC3EB4002CCE9759E2EBA541A873A
 |   |   |- [+] [ 12]
 |   |   |   |- Guid:1D155539465FB48B81340995B0424032 BaseClass: NativeClass:/Script/Engine.StaticMeshActor Name:StaticMeshActor_UAID_F02F7415F77F3A6101_1477541814 Label:SM_Cube4 SpatiallyLoaded:1 Bounds:IsValid=true, Min=(X=-526.000 Y=786.000 Z=1022.000), Max=(X=-126.000 Y=1086.000 Z=1122.000) RuntimeGrid:None EditorOnly:0 RuntimeOnly:0 HLODRelevant:1 FolderPath:Level FolderGuid:D380608B471B44905ADC229E215CC961
 |   |   |- [+] [ 13]
 |   |   |   |- Guid:FC4A76E04922652260E5E6A83B18EE89 BaseClass: NativeClass:/Script/Engine.StaticMeshActor Name:StaticMeshActor_UAID_F02F7415F77F846101_1410397838 Label:SM_Cube23 SpatiallyLoaded:1 Bounds:IsValid=true, Min=(X=-1136.000 Y=-354.750 Z=4137.000), Max=(X=-967.250 Y=64.000 Z=4237.000) RuntimeGrid:None EditorOnly:0 RuntimeOnly:0 HLODRelevant:1 FolderPath:Level FolderGuid:D380608B471B44905ADC229E215CC961
 |   |   |- [+] [ 14]
 |   |   |   |- Guid:AB0F12544564463E3599C6AB2B5568CE BaseClass:/Game/Objects/Blueprints/FoldLeaf.FoldLeaf_C NativeClass:/Script/Engine.Actor Name:FoldLeaf_C_UAID_F02F7415F77F846101_1362277830 Label:FoldLeaf SpatiallyLoaded:1 Bounds:IsValid=true, Min=(X=-199.000 Y=23.000 Z=2755.000), Max=(X=301.000 Y=323.000 Z=2855.000) RuntimeGrid:None EditorOnly:0 RuntimeOnly:0 HLODRelevant:0
 |   |   |- [+] [ 15]
 |   |   |   |- Guid:CFB4889F489CA063AB8BB99F0D37117C BaseClass: NativeClass:/Script/Engine.StaticMeshActor Name:StaticMeshActor_UAID_F02F7415F77F7A6101_1784919075 Label:SM_Cube15 SpatiallyLoaded:1 Bounds:IsValid=true, Min=(X=-1385.000 Y=98.000 Z=1724.000), Max=(X=-1235.000 Y=298.000 Z=1824.000) RuntimeGrid:None EditorOnly:0 RuntimeOnly:0 HLODRelevant:1 FolderPath:Level FolderGuid:D380608B471B44905ADC229E215CC961
 |   |   |- [+] [ 16]
 |   |   |   |- Guid:83CE0DB94FD6772AB562DEAFC776183D BaseClass: NativeClass:/Script/Engine.VolumetricCloud Name:VolumetricCloud_UAID_F02F7415F77F3A6101_1300711808 Label:VolumetricCloud SpatiallyLoaded:0 Bounds:IsValid=true, Min=(X=0.000 Y=0.000 Z=820.000), Max=(X=0.000 Y=0.000 Z=820.000) RuntimeGrid:None EditorOnly:0 RuntimeOnly:0 HLODRelevant:0 FolderPath:Lighting FolderGuid:963EC3EB4002CCE9759E2EBA541A873A
 |   |   |- [+] [ 17]
 |   |   |   |- Guid:E9B2E92847A11244204357B57070D798 BaseClass:/Game/Objects/Blueprints/DestroyLeaf.DestroyLeaf_C NativeClass:/Script/Engine.Actor Name:DestroyLeaf_C_UAID_F02F7415F77F846101_1453412843 Label:DestroyLeaf3 SpatiallyLoaded:1 Bounds:IsValid=true, Min=(X=-129.000 Y=607.000 Z=4631.000), Max=(X=371.000 Y=907.000 Z=4754.000) RuntimeGrid:None EditorOnly:0 RuntimeOnly:0 HLODRelevant:0
 |   |   |- [+] [ 18]
 |   |   |   |- Guid:370B5072448F363A37B2B2BAC8E9318F BaseClass: NativeClass:/Script/Engine.TriggerBox Name:TriggerBox_UAID_F02F7415F77F7A6301_1118963179 Label:TriggerBox SpatiallyLoaded:1 Bounds:IsValid=true, Min=(X=-521.625 Y=773.375 Z=5808.000), Max=(X=-70.375 Y=1224.625 Z=5888.000) RuntimeGrid:None EditorOnly:0 RuntimeOnly:0 HLODRelevant:0
 |   |   |- [+] [ 19]
 |   |   |   |- Guid:834C62D943BA0C0C1A5D7F9C0FBC707F BaseClass: NativeClass:/Script/Engine.StaticMeshActor Name:StaticMeshActor_UAID_F02F7415F77F7A6101_1394914071 Label:SM_Cube11 SpatiallyLoaded:1 Bounds:IsValid=true, Min=(X=-1319.975 Y=580.188 Z=2567.000), Max=(X=-981.896 Y=1054.622 Z=2667.000) RuntimeGrid:None EditorOnly:0 RuntimeOnly:0 HLODRelevant:1 FolderPath:Level FolderGuid:D380608B471B44905ADC229E215CC961
 |   |   |- [+] [ 20]
 |   |   |   |- Guid:801915224E97E9B2BEE658B4C01C03D7 BaseClass:/Game/Objects/Blueprints/Coin.Coin_C NativeClass:/Script/Engine.Actor Name:Coin_C_UAID_F02F7415F77F876101_1431632388 Label:Coin3 SpatiallyLoaded:1 Bounds:IsValid=true, Min=(X=-417.317 Y=-394.974 Z=4472.125), Max=(X=-249.026 Y=-226.683 Z=4549.875) RuntimeGrid:None EditorOnly:0 RuntimeOnly:0 HLODRelevant:0
 |   |   |- [+] [ 21]
 |   |   |   |- Guid:62261CBD4402645BB6392B88BE6774F8 BaseClass:/Game/Objects/Blueprints/DestroyLeaf.DestroyLeaf_C NativeClass:/Script/Engine.Actor Name:DestroyLeaf_C_UAID_F02F7415F77F846101_1473625848 Label:DestroyLeaf8 SpatiallyLoaded:1 Bounds:IsValid=true, Min=(X=-1000.074 Y=819.728 Z=5524.000), Max=(X=-657.638 Y=1343.972 Z=5647.000) RuntimeGrid:None EditorOnly:0 RuntimeOnly:0 HLODRelevant:0
 |   |   |- [+] [ 22]
 |   |   |   |- Guid:7D90211845DFE89DC1EB2DAC9B97D135 BaseClass: NativeClass:/Script/Engine.StaticMeshActor Name:StaticMeshActor_UAID_F02F7415F77F7A6101_1781703074 Label:SM_Cube14 SpatiallyLoaded:1 Bounds:IsValid=true, Min=(X=-1385.000 Y=333.000 Z=1522.000), Max=(X=-1235.000 Y=533.000 Z=1622.000) RuntimeGrid:None EditorOnly:0 RuntimeOnly:0 HLODRelevant:1 FolderPath:Level FolderGuid:D380608B471B44905ADC229E215CC961
 |   |   |- [+] [ 23]
 |   |   |   |- Guid:6387B5034B1F2202A60743BF5EB13C24 BaseClass: NativeClass:/Script/Engine.StaticMeshActor Name:StaticMeshActor_UAID_F02F7415F77F7A6101_1264644063 Label:Cube SpatiallyLoaded:1 Bounds:IsValid=true, Min=(X=-999.000 Y=-59.000 Z=-5395.000), Max=(X=-199.000 Y=691.000 Z=8005.000) RuntimeGrid:None EditorOnly:0 RuntimeOnly:0 HLODRelevant:1
 |   |   |- [+] [ 24]
 |   |   |   |- Guid:AA577537416C5FAF49D8C0B075B80CA2 BaseClass: NativeClass:/Script/Engine.StaticMeshActor Name:StaticMeshActor_UAID_F02F7415F77F3A6101_1384971810 Label:SM_Cube SpatiallyLoaded:1 Bounds:IsValid=true, Min=(X=59.000 Y=-214.000 Z=466.000), Max=(X=459.000 Y=186.000 Z=566.000) RuntimeGrid:None EditorOnly:0 RuntimeOnly:0 HLODRelevant:1 FolderPath:Level FolderGuid:D380608B471B44905ADC229E215CC961
 |   |   |- [+] [ 25]
 |   |   |   |- Guid:6D4B6BA9450F2FA9C81392AB9089EC34 BaseClass:/Game/Objects/Blueprints/Coin.Coin_C NativeClass:/Script/Engine.Actor Name:Coin_C_UAID_F02F7415F77F736301_1504703946 Label:Coin7 SpatiallyLoaded:1 Bounds:IsValid=true, Min=(X=-1379.317 Y=356.026 Z=2391.125), Max=(X=-1211.026 Y=524.317 Z=2468.875) RuntimeGrid:None EditorOnly:0 RuntimeOnly:0 HLODRelevant:0
 |   |   |- [+] [ 26]
 |   |   |   |- Guid:3CBC663344B58926349B0E944852F6FA BaseClass: NativeClass:/Script/Engine.StaticMeshActor Name:StaticMeshActor_UAID_F02F7415F77F846101_1407474837 Label:SM_Cube22 SpatiallyLoaded:1 Bounds:IsValid=true, Min=(X=-1136.000 Y=156.000 Z=3987.000), Max=(X=-986.000 Y=256.000 Z=4087.000) RuntimeGrid:None EditorOnly:0 RuntimeOnly:0 HLODRelevant:1 FolderPath:Level FolderGuid:D380608B471B44905ADC229E215CC961
 |   |   |- [+] [ 27]
 |   |   |   |- Guid:A6FC1AE2400BA617D8AC26B400F0167E BaseClass: NativeClass:/Script/Engine.StaticMeshActor Name:StaticMeshActor_UAID_F02F7415F77F846101_1490322849 Label:SM_Cube25 SpatiallyLoaded:1 Bounds:IsValid=true, Min=(X=-1294.000 Y=341.000 Z=5470.000), Max=(X=-994.000 Y=791.000 Z=5570.000) RuntimeGrid:None EditorOnly:0 RuntimeOnly:0 HLODRelevant:1 FolderPath:Level FolderGuid:D380608B471B44905ADC229E215CC961
 |   |   |- [+] [ 28]
 |   |   |   |- Guid:1B20DBD9463F1365E88D3EAC6EEBE204 BaseClass: NativeClass:/Script/Engine.StaticMeshActor Name:StaticMeshActor_UAID_F02F7415F77F7A6101_1316350064 Label:SM_Cube5 SpatiallyLoaded:1 Bounds:IsValid=true, Min=(X=-990.000 Y=786.000 Z=1286.000), Max=(X=-840.000 Y=986.000 Z=1386.000) RuntimeGrid:None EditorOnly:0 RuntimeOnly:0 HLODRelevant:1 FolderPath:Level FolderGuid:D380608B471B44905ADC229E215CC961
 |   |   |- [+] [ 29]
 |   |   |   |- Guid:6F88E68B4CB0B17165B5A392B0FD42D7 BaseClass:/Game/Objects/Blueprints/DestroyLeaf.DestroyLeaf_C NativeClass:/Script/Engine.Actor Name:DestroyLeaf_C_UAID_F02F7415F77F846101_1460522844 Label:DestroyLeaf4 SpatiallyLoaded:1 Bounds:IsValid=true, Min=(X=-721.000 Y=713.000 Z=4631.000), Max=(X=-221.000 Y=1013.000 Z=4754.000) RuntimeGrid:None EditorOnly:0 RuntimeOnly:0 HLODRelevant:0
 |   |   |- [+] [ 30]
 |   |   |   |- Guid:F527DD2F4CF4BBFBE583908C71770C37 BaseClass: NativeClass:/Script/Engine.SkyLight Name:SkyLight_UAID_F02F7415F77F3A6101_1300707805 Label:SkyLight2 SpatiallyLoaded:0 Bounds:IsValid=true, Min=(X=0.000 Y=0.000 Z=690.000), Max=(X=0.000 Y=0.000 Z=690.000) RuntimeGrid:None EditorOnly:0 RuntimeOnly:0 HLODRelevant:0 FolderPath:Lighting FolderGuid:963EC3EB4002CCE9759E2EBA541A873A
 |   |   |- [+] [ 31]
 |   |   |   |- Guid:E0DC2D9A4341DEBD06B667BE77DB9ECB BaseClass: NativeClass:/Script/Engine.StaticMeshActor Name:StaticMeshActor_UAID_F02F7415F77F856101_2005302029 Label:SM_Cube26 SpatiallyLoaded:1 Bounds:IsValid=true, Min=(X=-1294.000 Y=-309.000 Z=5151.000), Max=(X=-994.000 Y=141.000 Z=5251.000) RuntimeGrid:None EditorOnly:0 RuntimeOnly:0 HLODRelevant:1 FolderPath:Level FolderGuid:D380608B471B44905ADC229E215CC961
 |   |   |- [+] [ 32]
 |   |   |   |- Guid:ED6921134443E854037697B675800C5C BaseClass: NativeClass:/Script/Engine.StaticMeshActor Name:StaticMeshActor_UAID_F02F7415F77F856101_2128996033 Label:SM_Cube30 SpatiallyLoaded:1 Bounds:IsValid=true, Min=(X=-1085.034 Y=-499.748 Z=3468.935), Max=(X=-935.034 Y=-399.748 Z=3568.935) RuntimeGrid:None EditorOnly:0 RuntimeOnly:0 HLODRelevant:1 FolderPath:Level FolderGuid:D380608B471B44905ADC229E215CC961
 |   |   |- [+] [ 33]
 |   |   |   |- Guid:847F5374402C7746453185B8E789DA41 BaseClass: NativeClass:/Script/Engine.StaticMeshActor Name:StaticMeshActor_UAID_F02F7415F77F7A6101_1321869065 Label:SM_Cube6 SpatiallyLoaded:1 Bounds:IsValid=true, Min=(X=-89.000 Y=620.000 Z=1402.000), Max=(X=311.000 Y=920.000 Z=1502.000) RuntimeGrid:None EditorOnly:0 RuntimeOnly:0 HLODRelevant:1 FolderPath:Level FolderGuid:D380608B471B44905ADC229E215CC961
 |   |   |- [+] [ 34]
 |   |   |   |- Guid:9A2F5B414296455B7F31D3922DEA36F5 BaseClass: NativeClass:/Script/Engine.PlayerStart Name:PlayerStart_UAID_F02F7415F77F3A6101_1399036811 Label:PlayerStart SpatiallyLoaded:0 Bounds:IsValid=true, Min=(X=232.000 Y=-226.000 Z=931.000), Max=(X=312.000 Y=-146.000 Z=1115.000) RuntimeGrid:None EditorOnly:0 RuntimeOnly:0 HLODRelevant:0
 |   |   |- [+] [ 35]
 |   |   |   |- Guid:AB6BEE1E440E245F8CBC989D54B68D5A BaseClass: NativeClass:/Script/Engine.WorldDataLayers Name:WorldDataLayers Label:WorldDataLayers SpatiallyLoaded:0 Bounds:IsValid=true, Min=(X=0.000 Y=0.000 Z=0.000), Max=(X=0.000 Y=0.000 Z=0.000) RuntimeGrid:None EditorOnly:0 RuntimeOnly:0 HLODRelevant:0
 |   |   |- [+] [ 36]
 |   |   |   |- Guid:CF084A024E2D454108CD8890BDDF2773 BaseClass: NativeClass:/Script/Engine.StaticMeshActor Name:StaticMeshActor_UAID_F02F7415F77F846101_1406247836 Label:SM_Cube21 SpatiallyLoaded:1 Bounds:IsValid=true, Min=(X=-1136.000 Y=554.000 Z=3803.000), Max=(X=-986.000 Y=654.000 Z=3903.000) RuntimeGrid:None EditorOnly:0 RuntimeOnly:0 HLODRelevant:1 FolderPath:Level FolderGuid:D380608B471B44905ADC229E215CC961
 |   |   |- [+] [ 37]
 |   |   |   |- Guid:1CBDD0554442E84898BF9CACDFC36127 BaseClass: NativeClass:/Script/Engine.StaticMeshActor Name:StaticMeshActor_UAID_F02F7415F77F7A6101_1515359072 Label:SM_Cube12 SpatiallyLoaded:1 Bounds:IsValid=true, Min=(X=-89.000 Y=196.000 Z=1669.394), Max=(X=311.000 Y=512.110 Z=1865.969) RuntimeGrid:None EditorOnly:0 RuntimeOnly:0 HLODRelevant:1 FolderPath:Level FolderGuid:D380608B471B44905ADC229E215CC961
 |   |   |- [+] [ 38]
 |   |   |   |- Guid:DAAE83BA4020C7D3B0EE11AAA7EE46EE BaseClass:/Game/Objects/Blueprints/DestroyLeaf.DestroyLeaf_C NativeClass:/Script/Engine.Actor Name:DestroyLeaf_C_UAID_F02F7415F77F846101_1468806846 Label:DestroyLeaf6 SpatiallyLoaded:1 Bounds:IsValid=true, Min=(X=-1360.000 Y=313.000 Z=4933.000), Max=(X=-860.000 Y=613.000 Z=5056.000) RuntimeGrid:None EditorOnly:0 RuntimeOnly:0 HLODRelevant:0
 |   |   |- [+] [ 39]
 |   |   |   |- Guid:A391A5524DCD121A1243F3BA47302F6C BaseClass: NativeClass:/Script/Engine.ExponentialHeightFog Name:ExponentialHeightFog_UAID_F02F7415F77F3A6101_1300706804 Label:ExponentialHeightFog SpatiallyLoaded:0 Bounds:IsValid=true, Min=(X=-5600.000 Y=-50.000 Z=-6850.000), Max=(X=-5600.000 Y=-50.000 Z=-6850.000) RuntimeGrid:None EditorOnly:0 RuntimeOnly:0 HLODRelevant:0 FolderPath:Lighting FolderGuid:963EC3EB4002CCE9759E2EBA541A873A
 |   |   |- [+] [ 40]
 |   |   |   |- Guid:09F871674F09B64C85310AB771162E63 BaseClass:/Game/Objects/Blueprints/Coin.Coin_C NativeClass:/Script/Engine.Actor Name:Coin_C_UAID_F02F7415F77F736301_1512791947 Label:Coin8 SpatiallyLoaded:1 Bounds:IsValid=true, Min=(X=-802.317 Y=-425.974 Z=2391.125), Max=(X=-634.026 Y=-257.683 Z=2468.875) RuntimeGrid:None EditorOnly:0 RuntimeOnly:0 HLODRelevant:0
 |   |   |- [+] [ 41]
 |   |   |   |- Guid:14E2B8A54179633622518F8344634185 BaseClass:/Game/Objects/Blueprints/Coin.Coin_C NativeClass:/Script/Engine.Actor Name:Coin_C_UAID_F02F7415F77F876101_1428634387 Label:Coin2 SpatiallyLoaded:1 Bounds:IsValid=true, Min=(X=-780.317 Y=-394.974 Z=4292.125), Max=(X=-612.026 Y=-226.683 Z=4369.875) RuntimeGrid:None EditorOnly:0 RuntimeOnly:0 HLODRelevant:0
 |   |   |- [+] [ 42]
 |   |   |   |- Guid:E89A74744B65C7C5EFB1D5B57785F53A BaseClass: NativeClass:/Script/Engine.StaticMeshActor Name:StaticMeshActor_UAID_F02F7415F77F7A6101_1370938070 Label:SM_Cube10 SpatiallyLoaded:1 Bounds:IsValid=true, Min=(X=-1294.000 Y=-290.000 Z=2186.000), Max=(X=-994.000 Y=160.000 Z=2286.000) RuntimeGrid:None EditorOnly:0 RuntimeOnly:0 HLODRelevant:1 FolderPath:Level FolderGuid:D380608B471B44905ADC229E215CC961
 |   |   |- [+] [ 43]
 |   |   |   |- Guid:458AD62D443010394D64E8A3B6938506 BaseClass:/Game/Objects/Blueprints/Coin.Coin_C NativeClass:/Script/Engine.Actor Name:Coin_C_UAID_F02F7415F77F7A6301_1207750180 Label:Coin10 SpatiallyLoaded:1 Bounds:IsValid=true, Min=(X=90.683 Y=393.026 Z=3114.125), Max=(X=258.974 Y=561.317 Z=3191.875) RuntimeGrid:None EditorOnly:0 RuntimeOnly:0 HLODRelevant:0
 |   |   |- [+] [ 44]
 |   |   |   |- Guid:6BEB5E684394721A4F22488DD7FB6FEE BaseClass:/Game/Objects/Blueprints/Coin.Coin_C NativeClass:/Script/Engine.Actor Name:Coin_C_UAID_F02F7415F77F7A6301_1214770181 Label:Coin11 SpatiallyLoaded:1 Bounds:IsValid=true, Min=(X=93.683 Y=555.026 Z=3114.125), Max=(X=261.974 Y=723.317 Z=3191.875) RuntimeGrid:None EditorOnly:0 RuntimeOnly:0 HLODRelevant:0
 |   |   |- [+] [ 45]
 |   |   |   |- Guid:DDC36065450FCA8F6625DAA4246B2EC9 BaseClass: NativeClass:/Script/Engine.StaticMeshActor Name:StaticMeshActor_UAID_F02F7415F77F7E6101_2084975771 Label:SM_Cube18 SpatiallyLoaded:1 Bounds:IsValid=true, Min=(X=69.966 Y=-158.748 Z=3124.935), Max=(X=369.966 Y=91.252 Z=3224.935) RuntimeGrid:None EditorOnly:0 RuntimeOnly:0 HLODRelevant:1 FolderPath:Level FolderGuid:D380608B471B44905ADC229E215CC961
 |   |   |- [+] [ 46]
 |   |   |   |- Guid:F3EE0CC84D047FDE2D31C89CDAAF45A6 BaseClass: NativeClass:/Script/Engine.StaticMeshActor Name:StaticMeshActor_UAID_F02F7415F77F856101_2107178030 Label:SM_Cube27 SpatiallyLoaded:1 Bounds:IsValid=true, Min=(X=43.966 Y=-464.748 Z=3318.935), Max=(X=193.966 Y=-364.748 Z=3418.935) RuntimeGrid:None EditorOnly:0 RuntimeOnly:0 HLODRelevant:1 FolderPath:Level FolderGuid:D380608B471B44905ADC229E215CC961
 |   |   |- [+] [ 47]
 |   |   |   |- Guid:C7AFC0C84A4D5CD3213888A6542ABAEF BaseClass:/Game/Objects/Blueprints/FoldLeaf.FoldLeaf_C NativeClass:/Script/Engine.Actor Name:FoldLeaf_C_UAID_F02F7415F77F856101_1985543028 Label:FoldLeaf5 SpatiallyLoaded:1 Bounds:IsValid=true, Min=(X=-528.000 Y=-598.000 Z=4323.000), Max=(X=-228.000 Y=-98.000 Z=4423.000) RuntimeGrid:None EditorOnly:0 RuntimeOnly:0 HLODRelevant:0
 |   |   |- [+] [ 48]
 |   |   |   |- Guid:A1B26EB5466B9D39C795DEA0A99316D6 BaseClass: NativeClass:/Script/Engine.StaticMeshActor Name:StaticMeshActor_UAID_F02F7415F77F7E6101_1798845770 Label:SM_Cube17 SpatiallyLoaded:1 Bounds:IsValid=true, Min=(X=95.843 Y=420.468 Z=2911.056), Max=(X=433.921 Y=894.902 Z=3011.056) RuntimeGrid:None EditorOnly:0 RuntimeOnly:0 HLODRelevant:1 FolderPath:Level FolderGuid:D380608B471B44905ADC229E215CC961
 |   |   |- [+] [ 49]
 |   |   |   |- Guid:6149A1F346A42D45CC36FE9F451C5DE9 BaseClass:/Game/Objects/Blueprints/FoldLeaf.FoldLeaf_C NativeClass:/Script/Engine.Actor Name:FoldLeaf_C_UAID_F02F7415F77F856101_1548417027 Label:FoldLeaf4 SpatiallyLoaded:1 Bounds:IsValid=true, Min=(X=-872.000 Y=-598.000 Z=4103.000), Max=(X=-572.000 Y=-98.000 Z=4203.000) RuntimeGrid:None EditorOnly:0 RuntimeOnly:0 HLODRelevant:0
 |   |   |- [+] [ 50]
 |   |   |   |- Guid:EF73EFD444E09010956E38931A4A6F0A BaseClass: NativeClass:/Script/Engine.StaticMeshActor Name:StaticMeshActor_UAID_F02F7415F77F856101_2127437032 Label:SM_Cube29 SpatiallyLoaded:1 Bounds:IsValid=true, Min=(X=-657.034 Y=-590.748 Z=3380.935), Max=(X=-507.034 Y=-490.748 Z=3480.935) RuntimeGrid:None EditorOnly:0 RuntimeOnly:0 HLODRelevant:1 FolderPath:Level FolderGuid:D380608B471B44905ADC229E215CC961
 |   |   |- [+] [ 51]
 |   |   |   |- Guid:A3F81BF44219DAEDC39A67B91F5250D0 BaseClass: NativeClass:/Script/Engine.DirectionalLight Name:DirectionalLight_UAID_F02F7415F77F3A6101_1300712809 Label:DirectionalLight SpatiallyLoaded:0 Bounds:IsValid=true, Min=(X=-4398046511104.000 Y=-4398046511104.000 Z=-4398046511104.000), Max=(X=4398046511104.000 Y=4398046511104.000 Z=4398046511104.000) RuntimeGrid:None EditorOnly:0 RuntimeOnly:0 HLODRelevant:0 FolderPath:Lighting FolderGuid:963EC3EB4002CCE9759E2EBA541A873A
 |   |   |- [+] [ 52]
 |   |   |   |- Guid:406DC7354EBE3B3BD874C5BD3CD8D114 BaseClass:/Game/Objects/Blueprints/FoldLeaf.FoldLeaf_C NativeClass:/Script/Engine.Actor Name:FoldLeaf_C_UAID_F02F7415F77F7E6101_1784024768 Label:FoldLeaf2 SpatiallyLoaded:1 Bounds:IsValid=true, Min=(X=-703.000 Y=691.000 Z=2591.000), Max=(X=-403.000 Y=1191.000 Z=2691.000) RuntimeGrid:None EditorOnly:0 RuntimeOnly:0 HLODRelevant:0
 |   |   |- [+] [ 53]
 |   |   |   |- Guid:AFBC633E4D89D96EE8F429973D1952C1 BaseClass: NativeClass:/Script/Engine.StaticMeshActor Name:StaticMeshActor_UAID_F02F7415F77F7A6101_1339429067 Label:SM_Cube8 SpatiallyLoaded:1 Bounds:IsValid=true, Min=(X=-664.000 Y=-316.000 Z=2116.000), Max=(X=-264.000 Y=-16.000 Z=2216.000) RuntimeGrid:None EditorOnly:0 RuntimeOnly:0 HLODRelevant:1 FolderPath:Level FolderGuid:D380608B471B44905ADC229E215CC961
 |   |   |- [+] [ 54]
 |   |   |   |- Guid:0A7C23C1419812A1A3D25AB8EBDC899F BaseClass:/Game/Objects/Blueprints/DestroyLeaf.DestroyLeaf_C NativeClass:/Script/Engine.Actor Name:DestroyLeaf_C_UAID_F02F7415F77F846101_1366055831 Label:DestroyLeaf SpatiallyLoaded:1 Bounds:IsValid=true, Min=(X=-449.661 Y=-584.641 Z=2712.000), Max=(X=33.541 Y=-4.701 Z=2835.000) RuntimeGrid:None EditorOnly:0 RuntimeOnly:0 HLODRelevant:0
 |   |   |- [+] [ 55]
 |   |   |   |- Guid:51CD6CB24A6C45D97BACCD8D2F27D322 BaseClass: NativeClass:/Script/Engine.StaticMeshActor Name:StaticMeshActor_UAID_F02F7415F77F3A6101_1474176813 Label:SM_Cube3 SpatiallyLoaded:1 Bounds:IsValid=true, Min=(X=59.000 Y=467.000 Z=670.000), Max=(X=459.000 Y=767.000 Z=770.000) RuntimeGrid:None EditorOnly:0 RuntimeOnly:0 HLODRelevant:1 FolderPath:Level FolderGuid:D380608B471B44905ADC229E215CC961
 |   |   |- [+] [ 56]
 |   |   |   |- Guid:7103AE8240DB0D087C188C885C34F05A BaseClass: NativeClass:/Script/Engine.PostProcessVolume Name:PostProcessVolume_UAID_F02F7415F77F3A6101_1300708806 Label:PostProcessVolume SpatiallyLoaded:0 Bounds:IsValid=true, Min=(X=0.000 Y=0.000 Z=400.000), Max=(X=200.000 Y=200.000 Z=600.000) RuntimeGrid:None EditorOnly:0 RuntimeOnly:0 HLODRelevant:0 FolderPath:Lighting FolderGuid:963EC3EB4002CCE9759E2EBA541A873A
 |   |   |- [+] [ 57]
 |   |   |   |- Guid:2C3E96764DBE281F2C39758D6036A366 BaseClass: NativeClass:/Script/Engine.StaticMeshActor Name:StaticMeshActor_UAID_F02F7415F77F846101_1403819835 Label:SM_Cube20 SpatiallyLoaded:1 Bounds:IsValid=true, Min=(X=-1136.000 Y=352.000 Z=3591.000), Max=(X=-986.000 Y=452.000 Z=3691.000) RuntimeGrid:None EditorOnly:0 RuntimeOnly:0 HLODRelevant:1 FolderPath:Level FolderGuid:D380608B471B44905ADC229E215CC961
 |   |   |- [+] [ 58]
 |   |   |   |- Guid:7132F2B044CCB05878519B90E4C97542 BaseClass:/Game/Objects/Blueprints/FoldLeaf.FoldLeaf_C NativeClass:/Script/Engine.Actor Name:FoldLeaf_C_UAID_F02F7415F77F7E6101_1792179769 Label:FoldLeaf3 SpatiallyLoaded:1 Bounds:IsValid=true, Min=(X=-251.431 Y=700.457 Z=2739.000), Max=(X=91.005 Y=1224.701 Z=2839.000) RuntimeGrid:None EditorOnly:0 RuntimeOnly:0 HLODRelevant:0
 |   |   |- [+] [ 59]
 |   |   |   |- Guid:0148DC4E4C4CA839CD63BC876D9ED718 BaseClass:/Game/Objects/Blueprints/Coin.Coin_C NativeClass:/Script/Engine.Actor Name:Coin_C_UAID_F02F7415F77F866101_1446271210 Label:Coin SpatiallyLoaded:1 Bounds:IsValid=true, Min=(X=-1158.317 Y=-235.974 Z=4292.125), Max=(X=-990.026 Y=-67.683 Z=4369.875) RuntimeGrid:None EditorOnly:0 RuntimeOnly:0 HLODRelevant:0
 |   |   |- [+] [ 60]
 |   |   |   |- Guid:E691D60B4780E0A8C52CFC9C9670DA77 BaseClass:/Game/Objects/Blueprints/Coin.Coin_C NativeClass:/Script/Engine.Actor Name:Coin_C_UAID_F02F7415F77F736301_1519884948 Label:Coin9 SpatiallyLoaded:1 Bounds:IsValid=true, Min=(X=-802.317 Y=923.026 Z=3114.125), Max=(X=-634.026 Y=1091.317 Z=3191.875) RuntimeGrid:None EditorOnly:0 RuntimeOnly:0 HLODRelevant:0
 |   |   |- [+] [ 61]
 |   |   |   |- Guid:2BA3B2EC4C252060C795129C63C9343D BaseClass:/Game/Objects/Blueprints/DestroyLeaf.DestroyLeaf_C NativeClass:/Script/Engine.Actor Name:DestroyLeaf_C_UAID_F02F7415F77F846101_1463913845 Label:DestroyLeaf5 SpatiallyLoaded:1 Bounds:IsValid=true, Min=(X=-1360.000 Y=713.000 Z=4828.000), Max=(X=-860.000 Y=1013.000 Z=4951.000) RuntimeGrid:None EditorOnly:0 RuntimeOnly:0 HLODRelevant:0
 |   |   |- [+] [ 62]
 |   |   |   |- Guid:5294BEBA4C92D2733B426D818AE9F59E BaseClass: NativeClass:/Script/Engine.StaticMeshActor Name:StaticMeshActor_UAID_F02F7415F77F7A6101_1346050068 Label:SM_Cube9 SpatiallyLoaded:1 Bounds:IsValid=true, Min=(X=-1040.845 Y=-316.000 Z=2115.477), Max=(X=-629.557 Y=-16.000 Z=2283.417) RuntimeGrid:None EditorOnly:0 RuntimeOnly:0 HLODRelevant:1 FolderPath:Level FolderGuid:D380608B471B44905ADC229E215CC961
 |   |   |- [+] [ 63]
 |   |   |   |- Guid:832B4D0A4546EC1AE2D22F93D983C5F8 BaseClass: NativeClass:/Script/Engine.StaticMeshActor Name:StaticMeshActor_UAID_F02F7415F77F7A6101_1790026076 Label:SM_Cube16 SpatiallyLoaded:1 Bounds:IsValid=true, Min=(X=-1136.000 Y=453.000 Z=2013.000), Max=(X=-986.000 Y=553.000 Z=2113.000) RuntimeGrid:None EditorOnly:0 RuntimeOnly:0 HLODRelevant:1 FolderPath:Level FolderGuid:D380608B471B44905ADC229E215CC961
 |- ContainerInstances:
 |- [+] MainContainer:
 |   |-        ID: 0x0000000000000000
 |   |-    Bounds: IsValid=false, Min=(X=0.000 Y=0.000 Z=0.000), Max=(X=0.000 Y=0.000 Z=0.000)
 |   |- Transform: 0.000000,0.000000,0.000000|0.000000,0.000000,-0.000000|1.000000,1.000000,1.000000
 |   |- Container: /Game/Levels/Platformer_2
----------------------------------------------------------------------------------------------------------------
Platformer_2 - Persistent Level
----------------------------------------------------------------------------------------------------------------
Always loaded Actor Count: 71 

----------------------------------------------------------------------------------------------------------------
Platformer_2 - Runtime Spatial Hash - Streaming Grid - MainGrid
----------------------------------------------------------------------------------------------------------------
            Origin: X=0.000 Y=0.000 Z=0.000
         Cell Size: 12800
      World Bounds: IsValid=false, Min=(X=0.000 Y=0.000 Z=0.000), Max=(X=0.000 Y=0.000 Z=0.000)
     Loading Range: 89408.52
Block Slow Loading: No
 ClientOnlyVisible: No

[+] Grid Levels: 1
 |- Level  0: Cell Count    0 | Cell Size   12800 | Actor Count    0 (0.0%)

[+] Content of Grid Level 0

